	.text
	.syntax unified
	.eabi_attribute	67, "2.09"	@ Tag_conformance
	.cpu	cortex-m0plus
	.eabi_attribute	6, 12	@ Tag_CPU_arch
	.eabi_attribute	7, 77	@ Tag_CPU_arch_profile
	.eabi_attribute	8, 0	@ Tag_ARM_ISA_use
	.eabi_attribute	9, 1	@ Tag_THUMB_ISA_use
	.eabi_attribute	34, 0	@ Tag_CPU_unaligned_access
	.eabi_attribute	17, 1	@ Tag_ABI_PCS_GOT_use
	.eabi_attribute	20, 2	@ Tag_ABI_FP_denormal
	.eabi_attribute	21, 0	@ Tag_ABI_FP_exceptions
	.eabi_attribute	23, 1	@ Tag_ABI_FP_number_model
	.eabi_attribute	24, 1	@ Tag_ABI_align_needed
	.eabi_attribute	25, 1	@ Tag_ABI_align_preserved
	.eabi_attribute	38, 1	@ Tag_ABI_FP_16bit_format
	.eabi_attribute	18, 2	@ Tag_ABI_PCS_wchar_t
	.eabi_attribute	26, 1	@ Tag_ABI_enum_size
	.eabi_attribute	14, 0	@ Tag_ABI_PCS_R9_use
	.file	"list.c"
	.file	1 "I:\\Keil5\\keil5_mdk\\ARM\\ARMCLANG\\Bin\\..\\include" "stdint.h"
	.file	2 "D:\\TI_M0G3507\\mspm0_sdk_2_05_00_05\\kernel\\freertos\\builds\\LP_MSPM0G3507\\release\\keil" "../../../../../../kernel/freertos/Source/portable/GCC/ARM_CM0\\portmacro.h"
	.file	3 "D:\\TI_M0G3507\\mspm0_sdk_2_05_00_05\\kernel\\freertos\\builds\\LP_MSPM0G3507\\release\\keil" "../../../../../../kernel/freertos/Source/include\\list.h"
	.section	.text.vListInitialise,"ax",%progbits
	.hidden	vListInitialise                 @ -- Begin function vListInitialise
	.globl	vListInitialise
	.p2align	1
	.type	vListInitialise,%function
	.code	16                              @ @vListInitialise
	.thumb_func
vListInitialise:
.Lfunc_begin0:
	.file	4 "D:\\TI_M0G3507\\mspm0_sdk_2_05_00_05\\kernel\\freertos\\builds\\LP_MSPM0G3507\\release\\keil" "../../../../../../kernel/freertos/Source/list.c"
	.loc	4 49 0                          @ ../../../../../../kernel/freertos/Source/list.c:49:0
	.fnstart
	.cfi_sections .debug_frame
	.cfi_startproc
@ %bb.0:
	@DEBUG_VALUE: vListInitialise:pxList <- $r0
	movs	r1, #0
.Ltmp0:
	.loc	4 64 29 prologue_end            @ ../../../../../../kernel/freertos/Source/list.c:64:29
	str	r1, [r0]
	.loc	4 53 51                         @ ../../../../../../kernel/freertos/Source/list.c:53:51
	mov	r2, r0
	adds	r2, #8
	mvns	r1, r1
	.loc	4 53 21 is_stmt 0               @ ../../../../../../kernel/freertos/Source/list.c:53:21
	str	r2, [r0, #4]
	.loc	4 57 33 is_stmt 1               @ ../../../../../../kernel/freertos/Source/list.c:57:33
	str	r1, [r0, #8]
	.loc	4 61 29                         @ ../../../../../../kernel/freertos/Source/list.c:61:29
	str	r2, [r0, #12]
	.loc	4 62 33                         @ ../../../../../../kernel/freertos/Source/list.c:62:33
	str	r2, [r0, #16]
	.loc	4 70 1                          @ ../../../../../../kernel/freertos/Source/list.c:70:1
	bx	lr
.Ltmp1:
.Lfunc_end0:
	.size	vListInitialise, .Lfunc_end0-vListInitialise
	.cfi_endproc
	.cantunwind
	.fnend
                                        @ -- End function
	.section	.text.vListInitialiseItem,"ax",%progbits
	.hidden	vListInitialiseItem             @ -- Begin function vListInitialiseItem
	.globl	vListInitialiseItem
	.p2align	1
	.type	vListInitialiseItem,%function
	.code	16                              @ @vListInitialiseItem
	.thumb_func
vListInitialiseItem:
.Lfunc_begin1:
	.loc	4 74 0                          @ ../../../../../../kernel/freertos/Source/list.c:74:0
	.fnstart
	.cfi_startproc
@ %bb.0:
	@DEBUG_VALUE: vListInitialiseItem:pxItem <- $r0
	movs	r1, #0
.Ltmp2:
	.loc	4 76 25 prologue_end            @ ../../../../../../kernel/freertos/Source/list.c:76:25
	str	r1, [r0, #16]
	.loc	4 82 1                          @ ../../../../../../kernel/freertos/Source/list.c:82:1
	bx	lr
.Ltmp3:
.Lfunc_end1:
	.size	vListInitialiseItem, .Lfunc_end1-vListInitialiseItem
	.cfi_endproc
	.cantunwind
	.fnend
                                        @ -- End function
	.section	.text.vListInsertEnd,"ax",%progbits
	.hidden	vListInsertEnd                  @ -- Begin function vListInsertEnd
	.globl	vListInsertEnd
	.p2align	1
	.type	vListInsertEnd,%function
	.code	16                              @ @vListInsertEnd
	.thumb_func
vListInsertEnd:
.Lfunc_begin2:
	.fnstart
	.cfi_startproc
@ %bb.0:
	@DEBUG_VALUE: vListInsertEnd:pxList <- $r0
	@DEBUG_VALUE: vListInsertEnd:pxNewListItem <- $r1
	.loc	4 88 42 prologue_end            @ ../../../../../../kernel/freertos/Source/list.c:88:42
	ldr	r2, [r0, #4]
.Ltmp4:
	@DEBUG_VALUE: vListInsertEnd:pxIndex <- $r2
	.loc	4 100 42                        @ ../../../../../../kernel/freertos/Source/list.c:100:42
	ldr	r3, [r2, #8]
	.loc	4 99 27                         @ ../../../../../../kernel/freertos/Source/list.c:99:27
	str	r2, [r1, #4]
	.loc	4 100 31                        @ ../../../../../../kernel/freertos/Source/list.c:100:31
	str	r3, [r1, #8]
	.loc	4 109 32                        @ ../../../../../../kernel/freertos/Source/list.c:109:32
	str	r0, [r1, #16]
	.loc	4 111 32                        @ ../../../../../../kernel/freertos/Source/list.c:111:32
	ldr	r3, [r0]
	adds	r3, r3, #1
	str	r3, [r0]
	.loc	4 105 14                        @ ../../../../../../kernel/freertos/Source/list.c:105:14
	ldr	r0, [r2, #8]
.Ltmp5:
	@DEBUG_VALUE: vListInsertEnd:pxList <- [DW_OP_LLVM_entry_value 1] $r0
	.loc	4 105 33 is_stmt 0              @ ../../../../../../kernel/freertos/Source/list.c:105:33
	str	r1, [r0, #4]
	.loc	4 106 25 is_stmt 1              @ ../../../../../../kernel/freertos/Source/list.c:106:25
	str	r1, [r2, #8]
	.loc	4 112 1                         @ ../../../../../../kernel/freertos/Source/list.c:112:1
	bx	lr
.Ltmp6:
.Lfunc_end2:
	.size	vListInsertEnd, .Lfunc_end2-vListInsertEnd
	.cfi_endproc
	.cantunwind
	.fnend
                                        @ -- End function
	.section	.text.vListInsert,"ax",%progbits
	.hidden	vListInsert                     @ -- Begin function vListInsert
	.globl	vListInsert
	.p2align	1
	.type	vListInsert,%function
	.code	16                              @ @vListInsert
	.thumb_func
vListInsert:
.Lfunc_begin3:
	.loc	4 117 0                         @ ../../../../../../kernel/freertos/Source/list.c:117:0
	.fnstart
	.cfi_startproc
@ %bb.0:
	@DEBUG_VALUE: vListInsert:pxList <- $r0
	@DEBUG_VALUE: vListInsert:pxNewListItem <- $r1
	.save	{r4, r5, r7, lr}
	push	{r4, r5, r7, lr}
	.cfi_def_cfa_offset 16
	.cfi_offset lr, -4
	.cfi_offset r7, -8
	.cfi_offset r5, -12
	.cfi_offset r4, -16
.Ltmp7:
	.loc	4 119 57 prologue_end           @ ../../../../../../kernel/freertos/Source/list.c:119:57
	ldr	r3, [r1]
.Ltmp8:
	@DEBUG_VALUE: vListInsert:xValueOfInsertion <- $r3
	.loc	4 135 9                         @ ../../../../../../kernel/freertos/Source/list.c:135:9
	adds	r2, r3, #1
	beq	.LBB3_4
.Ltmp9:
@ %bb.1:
	@DEBUG_VALUE: vListInsert:xValueOfInsertion <- $r3
	@DEBUG_VALUE: vListInsert:pxNewListItem <- $r1
	@DEBUG_VALUE: vListInsert:pxList <- $r0
	.loc	4 163 55                        @ ../../../../../../kernel/freertos/Source/list.c:163:55
	mov	r4, r0
	adds	r4, #8
.Ltmp10:
	@DEBUG_VALUE: vListInsert:pxIterator <- $r4
.LBB3_2:                                @ =>This Inner Loop Header: Depth=1
	@DEBUG_VALUE: vListInsert:xValueOfInsertion <- $r3
	@DEBUG_VALUE: vListInsert:pxNewListItem <- $r1
	@DEBUG_VALUE: vListInsert:pxList <- $r0
	@DEBUG_VALUE: vListInsert:pxIterator <- $r4
	.loc	4 163 79 is_stmt 0              @ ../../../../../../kernel/freertos/Source/list.c:163:79
	ldr	r2, [r4, #4]
	.loc	4 163 87                        @ ../../../../../../kernel/freertos/Source/list.c:163:87
	ldr	r5, [r2]
.Ltmp11:
	.loc	4 163 9                         @ ../../../../../../kernel/freertos/Source/list.c:163:9
	cmp	r5, r3
	bhi	.LBB3_5
.Ltmp12:
@ %bb.3:                                @   in Loop: Header=BB3_2 Depth=1
	@DEBUG_VALUE: vListInsert:pxIterator <- $r4
	@DEBUG_VALUE: vListInsert:xValueOfInsertion <- $r3
	@DEBUG_VALUE: vListInsert:pxNewListItem <- $r1
	@DEBUG_VALUE: vListInsert:pxList <- $r0
	@DEBUG_VALUE: vListInsert:pxIterator <- $r2
	.loc	4 163 79                        @ ../../../../../../kernel/freertos/Source/list.c:163:79
	ldr	r4, [r2, #4]
	.loc	4 163 87                        @ ../../../../../../kernel/freertos/Source/list.c:163:87
	ldr	r5, [r4]
.Ltmp13:
	.loc	4 163 9                         @ ../../../../../../kernel/freertos/Source/list.c:163:9
	cmp	r5, r3
	mov	r5, r4
	bls	.LBB3_2
	b	.LBB3_6
.Ltmp14:
.LBB3_4:
	@DEBUG_VALUE: vListInsert:xValueOfInsertion <- $r3
	@DEBUG_VALUE: vListInsert:pxNewListItem <- $r1
	@DEBUG_VALUE: vListInsert:pxList <- $r0
	.loc	4 137 39 is_stmt 1              @ ../../../../../../kernel/freertos/Source/list.c:137:39
	ldr	r2, [r0, #16]
.Ltmp15:
	@DEBUG_VALUE: vListInsert:pxIterator <- $r2
	.loc	4 170 41                        @ ../../../../../../kernel/freertos/Source/list.c:170:41
	ldr	r5, [r2, #4]
	b	.LBB3_6
.Ltmp16:
.LBB3_5:
	@DEBUG_VALUE: vListInsert:pxIterator <- $r4
	@DEBUG_VALUE: vListInsert:xValueOfInsertion <- $r3
	@DEBUG_VALUE: vListInsert:pxNewListItem <- $r1
	@DEBUG_VALUE: vListInsert:pxList <- $r0
	.loc	4 0 41 is_stmt 0                @ ../../../../../../kernel/freertos/Source/list.c:0:41
	mov	r5, r2
	mov	r2, r4
.Ltmp17:
.LBB3_6:
	@DEBUG_VALUE: vListInsert:xValueOfInsertion <- $r3
	@DEBUG_VALUE: vListInsert:pxNewListItem <- $r1
	@DEBUG_VALUE: vListInsert:pxList <- $r0
	@DEBUG_VALUE: vListInsert:pxIterator <- $r2
	.loc	4 171 39 is_stmt 1              @ ../../../../../../kernel/freertos/Source/list.c:171:39
	str	r1, [r5, #8]
	.loc	4 177 32                        @ ../../../../../../kernel/freertos/Source/list.c:177:32
	str	r0, [r1, #16]
	.loc	4 170 27                        @ ../../../../../../kernel/freertos/Source/list.c:170:27
	str	r5, [r1, #4]
	.loc	4 172 31                        @ ../../../../../../kernel/freertos/Source/list.c:172:31
	str	r2, [r1, #8]
	.loc	4 173 24                        @ ../../../../../../kernel/freertos/Source/list.c:173:24
	str	r1, [r2, #4]
	.loc	4 179 32                        @ ../../../../../../kernel/freertos/Source/list.c:179:32
	ldr	r1, [r0]
.Ltmp18:
	@DEBUG_VALUE: vListInsert:pxNewListItem <- [DW_OP_LLVM_entry_value 1] $r1
	adds	r1, r1, #1
	str	r1, [r0]
	.loc	4 180 1 epilogue_begin          @ ../../../../../../kernel/freertos/Source/list.c:180:1
	pop	{r4, r5, r7, pc}
.Ltmp19:
.Lfunc_end3:
	.size	vListInsert, .Lfunc_end3-vListInsert
	.cfi_endproc
	.cantunwind
	.fnend
                                        @ -- End function
	.section	.text.uxListRemove,"ax",%progbits
	.hidden	uxListRemove                    @ -- Begin function uxListRemove
	.globl	uxListRemove
	.p2align	1
	.type	uxListRemove,%function
	.code	16                              @ @uxListRemove
	.thumb_func
uxListRemove:
.Lfunc_begin4:
	.fnstart
	.cfi_startproc
@ %bb.0:
	@DEBUG_VALUE: uxListRemove:pxItemToRemove <- $r0
	.loc	4 189 21 prologue_end           @ ../../../../../../kernel/freertos/Source/list.c:189:21
	ldr	r1, [r0, #4]
	.loc	4 189 58 is_stmt 0              @ ../../../../../../kernel/freertos/Source/list.c:189:58
	ldr	r2, [r0, #8]
	.loc	4 189 40                        @ ../../../../../../kernel/freertos/Source/list.c:189:40
	str	r2, [r1, #8]
	.loc	4 190 21 is_stmt 1              @ ../../../../../../kernel/freertos/Source/list.c:190:21
	ldr	r2, [r0, #8]
	.loc	4 190 40 is_stmt 0              @ ../../../../../../kernel/freertos/Source/list.c:190:40
	str	r1, [r2, #4]
	.loc	4 187 45 is_stmt 1              @ ../../../../../../kernel/freertos/Source/list.c:187:45
	ldr	r1, [r0, #16]
.Ltmp20:
	@DEBUG_VALUE: uxListRemove:pxList <- $r1
	.loc	4 196 17                        @ ../../../../../../kernel/freertos/Source/list.c:196:17
	ldr	r3, [r1, #4]
.Ltmp21:
	.loc	4 196 9 is_stmt 0               @ ../../../../../../kernel/freertos/Source/list.c:196:9
	cmp	r3, r0
	bne	.LBB4_2
.Ltmp22:
@ %bb.1:
	@DEBUG_VALUE: uxListRemove:pxList <- $r1
	@DEBUG_VALUE: uxListRemove:pxItemToRemove <- $r0
	.loc	4 198 25 is_stmt 1              @ ../../../../../../kernel/freertos/Source/list.c:198:25
	str	r2, [r1, #4]
.Ltmp23:
.LBB4_2:
	@DEBUG_VALUE: uxListRemove:pxList <- $r1
	@DEBUG_VALUE: uxListRemove:pxItemToRemove <- $r0
	.loc	4 206 32                        @ ../../../../../../kernel/freertos/Source/list.c:206:32
	ldr	r2, [r1]
	subs	r2, r2, #1
	str	r2, [r1]
	movs	r2, #0
	.loc	4 205 33                        @ ../../../../../../kernel/freertos/Source/list.c:205:33
	str	r2, [r0, #16]
	.loc	4 208 20                        @ ../../../../../../kernel/freertos/Source/list.c:208:20
	ldr	r0, [r1]
.Ltmp24:
	@DEBUG_VALUE: uxListRemove:pxItemToRemove <- [DW_OP_LLVM_entry_value 1] $r0
	.loc	4 208 5 is_stmt 0               @ ../../../../../../kernel/freertos/Source/list.c:208:5
	bx	lr
.Ltmp25:
.Lfunc_end4:
	.size	uxListRemove, .Lfunc_end4-uxListRemove
	.cfi_endproc
	.cantunwind
	.fnend
                                        @ -- End function
	.section	.debug_loc,"",%progbits
.Ldebug_loc0:
	.long	-1
	.long	.Lfunc_begin2                   @   base address
	.long	.Lfunc_begin2-.Lfunc_begin2
	.long	.Ltmp5-.Lfunc_begin2
	.short	1                               @ Loc expr size
	.byte	80                              @ DW_OP_reg0
	.long	.Ltmp5-.Lfunc_begin2
	.long	.Lfunc_end2-.Lfunc_begin2
	.short	4                               @ Loc expr size
	.byte	243                             @ DW_OP_GNU_entry_value
	.byte	1                               @ 1
	.byte	80                              @ DW_OP_reg0
	.byte	159                             @ DW_OP_stack_value
	.long	0
	.long	0
.Ldebug_loc1:
	.long	-1
	.long	.Lfunc_begin2                   @   base address
	.long	.Ltmp4-.Lfunc_begin2
	.long	.Lfunc_end2-.Lfunc_begin2
	.short	1                               @ Loc expr size
	.byte	82                              @ DW_OP_reg2
	.long	0
	.long	0
.Ldebug_loc2:
	.long	-1
	.long	.Lfunc_begin3                   @   base address
	.long	.Lfunc_begin3-.Lfunc_begin3
	.long	.Ltmp18-.Lfunc_begin3
	.short	1                               @ Loc expr size
	.byte	81                              @ DW_OP_reg1
	.long	.Ltmp18-.Lfunc_begin3
	.long	.Lfunc_end3-.Lfunc_begin3
	.short	4                               @ Loc expr size
	.byte	243                             @ DW_OP_GNU_entry_value
	.byte	1                               @ 1
	.byte	81                              @ DW_OP_reg1
	.byte	159                             @ DW_OP_stack_value
	.long	0
	.long	0
.Ldebug_loc3:
	.long	-1
	.long	.Lfunc_begin3                   @   base address
	.long	.Ltmp8-.Lfunc_begin3
	.long	.Lfunc_end3-.Lfunc_begin3
	.short	1                               @ Loc expr size
	.byte	83                              @ DW_OP_reg3
	.long	0
	.long	0
.Ldebug_loc4:
	.long	-1
	.long	.Lfunc_begin3                   @   base address
	.long	.Ltmp10-.Lfunc_begin3
	.long	.Ltmp12-.Lfunc_begin3
	.short	1                               @ Loc expr size
	.byte	84                              @ DW_OP_reg4
	.long	.Ltmp12-.Lfunc_begin3
	.long	.Ltmp14-.Lfunc_begin3
	.short	1                               @ Loc expr size
	.byte	82                              @ DW_OP_reg2
	.long	.Ltmp15-.Lfunc_begin3
	.long	.Ltmp16-.Lfunc_begin3
	.short	1                               @ Loc expr size
	.byte	82                              @ DW_OP_reg2
	.long	.Ltmp16-.Lfunc_begin3
	.long	.Ltmp17-.Lfunc_begin3
	.short	1                               @ Loc expr size
	.byte	84                              @ DW_OP_reg4
	.long	.Ltmp17-.Lfunc_begin3
	.long	.Lfunc_end3-.Lfunc_begin3
	.short	1                               @ Loc expr size
	.byte	82                              @ DW_OP_reg2
	.long	0
	.long	0
.Ldebug_loc5:
	.long	-1
	.long	.Lfunc_begin4                   @   base address
	.long	.Lfunc_begin4-.Lfunc_begin4
	.long	.Ltmp24-.Lfunc_begin4
	.short	1                               @ Loc expr size
	.byte	80                              @ DW_OP_reg0
	.long	.Ltmp24-.Lfunc_begin4
	.long	.Lfunc_end4-.Lfunc_begin4
	.short	4                               @ Loc expr size
	.byte	243                             @ DW_OP_GNU_entry_value
	.byte	1                               @ 1
	.byte	80                              @ DW_OP_reg0
	.byte	159                             @ DW_OP_stack_value
	.long	0
	.long	0
.Ldebug_loc6:
	.long	-1
	.long	.Lfunc_begin4                   @   base address
	.long	.Ltmp20-.Lfunc_begin4
	.long	.Lfunc_end4-.Lfunc_begin4
	.short	1                               @ Loc expr size
	.byte	81                              @ DW_OP_reg1
	.long	0
	.long	0
	.section	.debug_abbrev,"",%progbits
	.byte	1                               @ Abbreviation Code
	.byte	17                              @ DW_TAG_compile_unit
	.byte	1                               @ DW_CHILDREN_yes
	.byte	37                              @ DW_AT_producer
	.byte	14                              @ DW_FORM_strp
	.byte	19                              @ DW_AT_language
	.byte	5                               @ DW_FORM_data2
	.byte	3                               @ DW_AT_name
	.byte	14                              @ DW_FORM_strp
	.byte	16                              @ DW_AT_stmt_list
	.byte	23                              @ DW_FORM_sec_offset
	.byte	27                              @ DW_AT_comp_dir
	.byte	14                              @ DW_FORM_strp
	.byte	17                              @ DW_AT_low_pc
	.byte	1                               @ DW_FORM_addr
	.byte	85                              @ DW_AT_ranges
	.byte	23                              @ DW_FORM_sec_offset
	.byte	0                               @ EOM(1)
	.byte	0                               @ EOM(2)
	.byte	2                               @ Abbreviation Code
	.byte	15                              @ DW_TAG_pointer_type
	.byte	0                               @ DW_CHILDREN_no
	.byte	73                              @ DW_AT_type
	.byte	19                              @ DW_FORM_ref4
	.byte	0                               @ EOM(1)
	.byte	0                               @ EOM(2)
	.byte	3                               @ Abbreviation Code
	.byte	22                              @ DW_TAG_typedef
	.byte	0                               @ DW_CHILDREN_no
	.byte	73                              @ DW_AT_type
	.byte	19                              @ DW_FORM_ref4
	.byte	3                               @ DW_AT_name
	.byte	14                              @ DW_FORM_strp
	.byte	58                              @ DW_AT_decl_file
	.byte	11                              @ DW_FORM_data1
	.byte	59                              @ DW_AT_decl_line
	.byte	11                              @ DW_FORM_data1
	.byte	0                               @ EOM(1)
	.byte	0                               @ EOM(2)
	.byte	4                               @ Abbreviation Code
	.byte	19                              @ DW_TAG_structure_type
	.byte	1                               @ DW_CHILDREN_yes
	.byte	3                               @ DW_AT_name
	.byte	14                              @ DW_FORM_strp
	.byte	11                              @ DW_AT_byte_size
	.byte	11                              @ DW_FORM_data1
	.byte	58                              @ DW_AT_decl_file
	.byte	11                              @ DW_FORM_data1
	.byte	59                              @ DW_AT_decl_line
	.byte	11                              @ DW_FORM_data1
	.byte	0                               @ EOM(1)
	.byte	0                               @ EOM(2)
	.byte	5                               @ Abbreviation Code
	.byte	13                              @ DW_TAG_member
	.byte	0                               @ DW_CHILDREN_no
	.byte	3                               @ DW_AT_name
	.byte	14                              @ DW_FORM_strp
	.byte	73                              @ DW_AT_type
	.byte	19                              @ DW_FORM_ref4
	.byte	58                              @ DW_AT_decl_file
	.byte	11                              @ DW_FORM_data1
	.byte	59                              @ DW_AT_decl_line
	.byte	11                              @ DW_FORM_data1
	.byte	56                              @ DW_AT_data_member_location
	.byte	11                              @ DW_FORM_data1
	.byte	0                               @ EOM(1)
	.byte	0                               @ EOM(2)
	.byte	6                               @ Abbreviation Code
	.byte	36                              @ DW_TAG_base_type
	.byte	0                               @ DW_CHILDREN_no
	.byte	3                               @ DW_AT_name
	.byte	14                              @ DW_FORM_strp
	.byte	62                              @ DW_AT_encoding
	.byte	11                              @ DW_FORM_data1
	.byte	11                              @ DW_AT_byte_size
	.byte	11                              @ DW_FORM_data1
	.byte	0                               @ EOM(1)
	.byte	0                               @ EOM(2)
	.byte	7                               @ Abbreviation Code
	.byte	15                              @ DW_TAG_pointer_type
	.byte	0                               @ DW_CHILDREN_no
	.byte	0                               @ EOM(1)
	.byte	0                               @ EOM(2)
	.byte	8                               @ Abbreviation Code
	.byte	53                              @ DW_TAG_volatile_type
	.byte	0                               @ DW_CHILDREN_no
	.byte	73                              @ DW_AT_type
	.byte	19                              @ DW_FORM_ref4
	.byte	0                               @ EOM(1)
	.byte	0                               @ EOM(2)
	.byte	9                               @ Abbreviation Code
	.byte	46                              @ DW_TAG_subprogram
	.byte	1                               @ DW_CHILDREN_yes
	.byte	17                              @ DW_AT_low_pc
	.byte	1                               @ DW_FORM_addr
	.byte	18                              @ DW_AT_high_pc
	.byte	6                               @ DW_FORM_data4
	.byte	64                              @ DW_AT_frame_base
	.byte	24                              @ DW_FORM_exprloc
	.ascii	"\227B"                         @ DW_AT_GNU_all_call_sites
	.byte	25                              @ DW_FORM_flag_present
	.byte	3                               @ DW_AT_name
	.byte	14                              @ DW_FORM_strp
	.byte	58                              @ DW_AT_decl_file
	.byte	11                              @ DW_FORM_data1
	.byte	59                              @ DW_AT_decl_line
	.byte	11                              @ DW_FORM_data1
	.byte	39                              @ DW_AT_prototyped
	.byte	25                              @ DW_FORM_flag_present
	.byte	63                              @ DW_AT_external
	.byte	25                              @ DW_FORM_flag_present
	.byte	0                               @ EOM(1)
	.byte	0                               @ EOM(2)
	.byte	10                              @ Abbreviation Code
	.byte	5                               @ DW_TAG_formal_parameter
	.byte	0                               @ DW_CHILDREN_no
	.byte	2                               @ DW_AT_location
	.byte	24                              @ DW_FORM_exprloc
	.byte	3                               @ DW_AT_name
	.byte	14                              @ DW_FORM_strp
	.byte	58                              @ DW_AT_decl_file
	.byte	11                              @ DW_FORM_data1
	.byte	59                              @ DW_AT_decl_line
	.byte	11                              @ DW_FORM_data1
	.byte	73                              @ DW_AT_type
	.byte	19                              @ DW_FORM_ref4
	.byte	0                               @ EOM(1)
	.byte	0                               @ EOM(2)
	.byte	11                              @ Abbreviation Code
	.byte	5                               @ DW_TAG_formal_parameter
	.byte	0                               @ DW_CHILDREN_no
	.byte	2                               @ DW_AT_location
	.byte	23                              @ DW_FORM_sec_offset
	.byte	3                               @ DW_AT_name
	.byte	14                              @ DW_FORM_strp
	.byte	58                              @ DW_AT_decl_file
	.byte	11                              @ DW_FORM_data1
	.byte	59                              @ DW_AT_decl_line
	.byte	11                              @ DW_FORM_data1
	.byte	73                              @ DW_AT_type
	.byte	19                              @ DW_FORM_ref4
	.byte	0                               @ EOM(1)
	.byte	0                               @ EOM(2)
	.byte	12                              @ Abbreviation Code
	.byte	52                              @ DW_TAG_variable
	.byte	0                               @ DW_CHILDREN_no
	.byte	2                               @ DW_AT_location
	.byte	23                              @ DW_FORM_sec_offset
	.byte	3                               @ DW_AT_name
	.byte	14                              @ DW_FORM_strp
	.byte	58                              @ DW_AT_decl_file
	.byte	11                              @ DW_FORM_data1
	.byte	59                              @ DW_AT_decl_line
	.byte	11                              @ DW_FORM_data1
	.byte	73                              @ DW_AT_type
	.byte	19                              @ DW_FORM_ref4
	.byte	0                               @ EOM(1)
	.byte	0                               @ EOM(2)
	.byte	13                              @ Abbreviation Code
	.byte	46                              @ DW_TAG_subprogram
	.byte	1                               @ DW_CHILDREN_yes
	.byte	17                              @ DW_AT_low_pc
	.byte	1                               @ DW_FORM_addr
	.byte	18                              @ DW_AT_high_pc
	.byte	6                               @ DW_FORM_data4
	.byte	64                              @ DW_AT_frame_base
	.byte	24                              @ DW_FORM_exprloc
	.ascii	"\227B"                         @ DW_AT_GNU_all_call_sites
	.byte	25                              @ DW_FORM_flag_present
	.byte	3                               @ DW_AT_name
	.byte	14                              @ DW_FORM_strp
	.byte	58                              @ DW_AT_decl_file
	.byte	11                              @ DW_FORM_data1
	.byte	59                              @ DW_AT_decl_line
	.byte	11                              @ DW_FORM_data1
	.byte	39                              @ DW_AT_prototyped
	.byte	25                              @ DW_FORM_flag_present
	.byte	73                              @ DW_AT_type
	.byte	19                              @ DW_FORM_ref4
	.byte	63                              @ DW_AT_external
	.byte	25                              @ DW_FORM_flag_present
	.byte	0                               @ EOM(1)
	.byte	0                               @ EOM(2)
	.byte	14                              @ Abbreviation Code
	.byte	38                              @ DW_TAG_const_type
	.byte	0                               @ DW_CHILDREN_no
	.byte	73                              @ DW_AT_type
	.byte	19                              @ DW_FORM_ref4
	.byte	0                               @ EOM(1)
	.byte	0                               @ EOM(2)
	.byte	0                               @ EOM(3)
	.section	.debug_info,"",%progbits
.Lcu_begin0:
	.long	.Ldebug_info_end0-.Ldebug_info_start0 @ Length of Unit
.Ldebug_info_start0:
	.short	4                               @ DWARF version number
	.long	.debug_abbrev                   @ Offset Into Abbrev. Section
	.byte	4                               @ Address Size (in bytes)
	.byte	1                               @ Abbrev [1] 0xb:0x22f DW_TAG_compile_unit
	.long	.Linfo_string0                  @ DW_AT_producer
	.short	12                              @ DW_AT_language
	.long	.Linfo_string1                  @ DW_AT_name
	.long	.Lline_table_start0             @ DW_AT_stmt_list
	.long	.Linfo_string2                  @ DW_AT_comp_dir
	.long	0                               @ DW_AT_low_pc
	.long	.Ldebug_ranges0                 @ DW_AT_ranges
	.byte	2                               @ Abbrev [2] 0x26:0x5 DW_TAG_pointer_type
	.long	43                              @ DW_AT_type
	.byte	3                               @ Abbrev [3] 0x2b:0xb DW_TAG_typedef
	.long	54                              @ DW_AT_type
	.long	.Linfo_string20                 @ DW_AT_name
	.byte	3                               @ DW_AT_decl_file
	.byte	152                             @ DW_AT_decl_line
	.byte	4                               @ Abbrev [4] 0x36:0x45 DW_TAG_structure_type
	.long	.Linfo_string19                 @ DW_AT_name
	.byte	20                              @ DW_AT_byte_size
	.byte	3                               @ DW_AT_decl_file
	.byte	142                             @ DW_AT_decl_line
	.byte	5                               @ Abbrev [5] 0x3e:0xc DW_TAG_member
	.long	.Linfo_string3                  @ DW_AT_name
	.long	123                             @ DW_AT_type
	.byte	3                               @ DW_AT_decl_file
	.byte	145                             @ DW_AT_decl_line
	.byte	0                               @ DW_AT_data_member_location
	.byte	5                               @ Abbrev [5] 0x4a:0xc DW_TAG_member
	.long	.Linfo_string7                  @ DW_AT_name
	.long	152                             @ DW_AT_type
	.byte	3                               @ DW_AT_decl_file
	.byte	146                             @ DW_AT_decl_line
	.byte	4                               @ DW_AT_data_member_location
	.byte	5                               @ Abbrev [5] 0x56:0xc DW_TAG_member
	.long	.Linfo_string8                  @ DW_AT_name
	.long	152                             @ DW_AT_type
	.byte	3                               @ DW_AT_decl_file
	.byte	147                             @ DW_AT_decl_line
	.byte	8                               @ DW_AT_data_member_location
	.byte	5                               @ Abbrev [5] 0x62:0xc DW_TAG_member
	.long	.Linfo_string9                  @ DW_AT_name
	.long	157                             @ DW_AT_type
	.byte	3                               @ DW_AT_decl_file
	.byte	148                             @ DW_AT_decl_line
	.byte	12                              @ DW_AT_data_member_location
	.byte	5                               @ Abbrev [5] 0x6e:0xc DW_TAG_member
	.long	.Linfo_string10                 @ DW_AT_name
	.long	158                             @ DW_AT_type
	.byte	3                               @ DW_AT_decl_file
	.byte	149                             @ DW_AT_decl_line
	.byte	16                              @ DW_AT_data_member_location
	.byte	0                               @ End Of Children Mark
	.byte	3                               @ Abbrev [3] 0x7b:0xb DW_TAG_typedef
	.long	134                             @ DW_AT_type
	.long	.Linfo_string6                  @ DW_AT_name
	.byte	2                               @ DW_AT_decl_file
	.byte	63                              @ DW_AT_decl_line
	.byte	3                               @ Abbrev [3] 0x86:0xb DW_TAG_typedef
	.long	145                             @ DW_AT_type
	.long	.Linfo_string5                  @ DW_AT_name
	.byte	1                               @ DW_AT_decl_file
	.byte	64                              @ DW_AT_decl_line
	.byte	6                               @ Abbrev [6] 0x91:0x7 DW_TAG_base_type
	.long	.Linfo_string4                  @ DW_AT_name
	.byte	7                               @ DW_AT_encoding
	.byte	4                               @ DW_AT_byte_size
	.byte	2                               @ Abbrev [2] 0x98:0x5 DW_TAG_pointer_type
	.long	54                              @ DW_AT_type
	.byte	7                               @ Abbrev [7] 0x9d:0x1 DW_TAG_pointer_type
	.byte	2                               @ Abbrev [2] 0x9e:0x5 DW_TAG_pointer_type
	.long	163                             @ DW_AT_type
	.byte	4                               @ Abbrev [4] 0xa3:0x2d DW_TAG_structure_type
	.long	.Linfo_string18                 @ DW_AT_name
	.byte	20                              @ DW_AT_byte_size
	.byte	3                               @ DW_AT_decl_file
	.byte	166                             @ DW_AT_decl_line
	.byte	5                               @ Abbrev [5] 0xab:0xc DW_TAG_member
	.long	.Linfo_string11                 @ DW_AT_name
	.long	208                             @ DW_AT_type
	.byte	3                               @ DW_AT_decl_file
	.byte	169                             @ DW_AT_decl_line
	.byte	0                               @ DW_AT_data_member_location
	.byte	5                               @ Abbrev [5] 0xb7:0xc DW_TAG_member
	.long	.Linfo_string14                 @ DW_AT_name
	.long	38                              @ DW_AT_type
	.byte	3                               @ DW_AT_decl_file
	.byte	170                             @ DW_AT_decl_line
	.byte	4                               @ DW_AT_data_member_location
	.byte	5                               @ Abbrev [5] 0xc3:0xc DW_TAG_member
	.long	.Linfo_string15                 @ DW_AT_name
	.long	231                             @ DW_AT_type
	.byte	3                               @ DW_AT_decl_file
	.byte	171                             @ DW_AT_decl_line
	.byte	8                               @ DW_AT_data_member_location
	.byte	0                               @ End Of Children Mark
	.byte	8                               @ Abbrev [8] 0xd0:0x5 DW_TAG_volatile_type
	.long	213                             @ DW_AT_type
	.byte	3                               @ Abbrev [3] 0xd5:0xb DW_TAG_typedef
	.long	224                             @ DW_AT_type
	.long	.Linfo_string13                 @ DW_AT_name
	.byte	2                               @ DW_AT_decl_file
	.byte	57                              @ DW_AT_decl_line
	.byte	6                               @ Abbrev [6] 0xe0:0x7 DW_TAG_base_type
	.long	.Linfo_string12                 @ DW_AT_name
	.byte	7                               @ DW_AT_encoding
	.byte	4                               @ DW_AT_byte_size
	.byte	3                               @ Abbrev [3] 0xe7:0xb DW_TAG_typedef
	.long	242                             @ DW_AT_type
	.long	.Linfo_string17                 @ DW_AT_name
	.byte	3                               @ DW_AT_decl_file
	.byte	161                             @ DW_AT_decl_line
	.byte	4                               @ Abbrev [4] 0xf2:0x2d DW_TAG_structure_type
	.long	.Linfo_string16                 @ DW_AT_name
	.byte	12                              @ DW_AT_byte_size
	.byte	3                               @ DW_AT_decl_file
	.byte	154                             @ DW_AT_decl_line
	.byte	5                               @ Abbrev [5] 0xfa:0xc DW_TAG_member
	.long	.Linfo_string3                  @ DW_AT_name
	.long	123                             @ DW_AT_type
	.byte	3                               @ DW_AT_decl_file
	.byte	157                             @ DW_AT_decl_line
	.byte	0                               @ DW_AT_data_member_location
	.byte	5                               @ Abbrev [5] 0x106:0xc DW_TAG_member
	.long	.Linfo_string7                  @ DW_AT_name
	.long	152                             @ DW_AT_type
	.byte	3                               @ DW_AT_decl_file
	.byte	158                             @ DW_AT_decl_line
	.byte	4                               @ DW_AT_data_member_location
	.byte	5                               @ Abbrev [5] 0x112:0xc DW_TAG_member
	.long	.Linfo_string8                  @ DW_AT_name
	.long	152                             @ DW_AT_type
	.byte	3                               @ DW_AT_decl_file
	.byte	159                             @ DW_AT_decl_line
	.byte	8                               @ DW_AT_data_member_location
	.byte	0                               @ End Of Children Mark
	.byte	9                               @ Abbrev [9] 0x11f:0x1f DW_TAG_subprogram
	.long	.Lfunc_begin0                   @ DW_AT_low_pc
	.long	.Lfunc_end0-.Lfunc_begin0       @ DW_AT_high_pc
	.byte	1                               @ DW_AT_frame_base
	.byte	93
                                        @ DW_AT_GNU_all_call_sites
	.long	.Linfo_string21                 @ DW_AT_name
	.byte	4                               @ DW_AT_decl_file
	.byte	48                              @ DW_AT_decl_line
                                        @ DW_AT_prototyped
                                        @ DW_AT_external
	.byte	10                              @ Abbrev [10] 0x130:0xd DW_TAG_formal_parameter
	.byte	1                               @ DW_AT_location
	.byte	80
	.long	.Linfo_string26                 @ DW_AT_name
	.byte	4                               @ DW_AT_decl_file
	.byte	48                              @ DW_AT_decl_line
	.long	538                             @ DW_AT_type
	.byte	0                               @ End Of Children Mark
	.byte	9                               @ Abbrev [9] 0x13e:0x1f DW_TAG_subprogram
	.long	.Lfunc_begin1                   @ DW_AT_low_pc
	.long	.Lfunc_end1-.Lfunc_begin1       @ DW_AT_high_pc
	.byte	1                               @ DW_AT_frame_base
	.byte	93
                                        @ DW_AT_GNU_all_call_sites
	.long	.Linfo_string22                 @ DW_AT_name
	.byte	4                               @ DW_AT_decl_file
	.byte	73                              @ DW_AT_decl_line
                                        @ DW_AT_prototyped
                                        @ DW_AT_external
	.byte	10                              @ Abbrev [10] 0x14f:0xd DW_TAG_formal_parameter
	.byte	1                               @ DW_AT_location
	.byte	80
	.long	.Linfo_string28                 @ DW_AT_name
	.byte	4                               @ DW_AT_decl_file
	.byte	73                              @ DW_AT_decl_line
	.long	559                             @ DW_AT_type
	.byte	0                               @ End Of Children Mark
	.byte	9                               @ Abbrev [9] 0x15d:0x3d DW_TAG_subprogram
	.long	.Lfunc_begin2                   @ DW_AT_low_pc
	.long	.Lfunc_end2-.Lfunc_begin2       @ DW_AT_high_pc
	.byte	1                               @ DW_AT_frame_base
	.byte	93
                                        @ DW_AT_GNU_all_call_sites
	.long	.Linfo_string23                 @ DW_AT_name
	.byte	4                               @ DW_AT_decl_file
	.byte	85                              @ DW_AT_decl_line
                                        @ DW_AT_prototyped
                                        @ DW_AT_external
	.byte	11                              @ Abbrev [11] 0x16e:0xf DW_TAG_formal_parameter
	.long	.Ldebug_loc0                    @ DW_AT_location
	.long	.Linfo_string26                 @ DW_AT_name
	.byte	4                               @ DW_AT_decl_file
	.byte	85                              @ DW_AT_decl_line
	.long	538                             @ DW_AT_type
	.byte	10                              @ Abbrev [10] 0x17d:0xd DW_TAG_formal_parameter
	.byte	1                               @ DW_AT_location
	.byte	81
	.long	.Linfo_string29                 @ DW_AT_name
	.byte	4                               @ DW_AT_decl_file
	.byte	86                              @ DW_AT_decl_line
	.long	559                             @ DW_AT_type
	.byte	12                              @ Abbrev [12] 0x18a:0xf DW_TAG_variable
	.long	.Ldebug_loc1                    @ DW_AT_location
	.long	.Linfo_string14                 @ DW_AT_name
	.byte	4                               @ DW_AT_decl_file
	.byte	88                              @ DW_AT_decl_line
	.long	559                             @ DW_AT_type
	.byte	0                               @ End Of Children Mark
	.byte	9                               @ Abbrev [9] 0x19a:0x4c DW_TAG_subprogram
	.long	.Lfunc_begin3                   @ DW_AT_low_pc
	.long	.Lfunc_end3-.Lfunc_begin3       @ DW_AT_high_pc
	.byte	1                               @ DW_AT_frame_base
	.byte	93
                                        @ DW_AT_GNU_all_call_sites
	.long	.Linfo_string24                 @ DW_AT_name
	.byte	4                               @ DW_AT_decl_file
	.byte	115                             @ DW_AT_decl_line
                                        @ DW_AT_prototyped
                                        @ DW_AT_external
	.byte	10                              @ Abbrev [10] 0x1ab:0xd DW_TAG_formal_parameter
	.byte	1                               @ DW_AT_location
	.byte	80
	.long	.Linfo_string26                 @ DW_AT_name
	.byte	4                               @ DW_AT_decl_file
	.byte	115                             @ DW_AT_decl_line
	.long	538                             @ DW_AT_type
	.byte	11                              @ Abbrev [11] 0x1b8:0xf DW_TAG_formal_parameter
	.long	.Ldebug_loc2                    @ DW_AT_location
	.long	.Linfo_string29                 @ DW_AT_name
	.byte	4                               @ DW_AT_decl_file
	.byte	116                             @ DW_AT_decl_line
	.long	559                             @ DW_AT_type
	.byte	12                              @ Abbrev [12] 0x1c7:0xf DW_TAG_variable
	.long	.Ldebug_loc3                    @ DW_AT_location
	.long	.Linfo_string30                 @ DW_AT_name
	.byte	4                               @ DW_AT_decl_file
	.byte	119                             @ DW_AT_decl_line
	.long	564                             @ DW_AT_type
	.byte	12                              @ Abbrev [12] 0x1d6:0xf DW_TAG_variable
	.long	.Ldebug_loc4                    @ DW_AT_location
	.long	.Linfo_string31                 @ DW_AT_name
	.byte	4                               @ DW_AT_decl_file
	.byte	118                             @ DW_AT_decl_line
	.long	38                              @ DW_AT_type
	.byte	0                               @ End Of Children Mark
	.byte	13                              @ Abbrev [13] 0x1e6:0x34 DW_TAG_subprogram
	.long	.Lfunc_begin4                   @ DW_AT_low_pc
	.long	.Lfunc_end4-.Lfunc_begin4       @ DW_AT_high_pc
	.byte	1                               @ DW_AT_frame_base
	.byte	93
                                        @ DW_AT_GNU_all_call_sites
	.long	.Linfo_string25                 @ DW_AT_name
	.byte	4                               @ DW_AT_decl_file
	.byte	183                             @ DW_AT_decl_line
                                        @ DW_AT_prototyped
	.long	213                             @ DW_AT_type
                                        @ DW_AT_external
	.byte	11                              @ Abbrev [11] 0x1fb:0xf DW_TAG_formal_parameter
	.long	.Ldebug_loc5                    @ DW_AT_location
	.long	.Linfo_string32                 @ DW_AT_name
	.byte	4                               @ DW_AT_decl_file
	.byte	183                             @ DW_AT_decl_line
	.long	559                             @ DW_AT_type
	.byte	12                              @ Abbrev [12] 0x20a:0xf DW_TAG_variable
	.long	.Ldebug_loc6                    @ DW_AT_location
	.long	.Linfo_string26                 @ DW_AT_name
	.byte	4                               @ DW_AT_decl_file
	.byte	187                             @ DW_AT_decl_line
	.long	538                             @ DW_AT_type
	.byte	0                               @ End Of Children Mark
	.byte	14                              @ Abbrev [14] 0x21a:0x5 DW_TAG_const_type
	.long	543                             @ DW_AT_type
	.byte	2                               @ Abbrev [2] 0x21f:0x5 DW_TAG_pointer_type
	.long	548                             @ DW_AT_type
	.byte	3                               @ Abbrev [3] 0x224:0xb DW_TAG_typedef
	.long	163                             @ DW_AT_type
	.long	.Linfo_string27                 @ DW_AT_name
	.byte	3                               @ DW_AT_decl_file
	.byte	173                             @ DW_AT_decl_line
	.byte	14                              @ Abbrev [14] 0x22f:0x5 DW_TAG_const_type
	.long	38                              @ DW_AT_type
	.byte	14                              @ Abbrev [14] 0x234:0x5 DW_TAG_const_type
	.long	123                             @ DW_AT_type
	.byte	0                               @ End Of Children Mark
.Ldebug_info_end0:
	.section	.debug_ranges,"",%progbits
.Ldebug_ranges0:
	.long	.Lfunc_begin0
	.long	.Lfunc_end0
	.long	.Lfunc_begin1
	.long	.Lfunc_end1
	.long	.Lfunc_begin2
	.long	.Lfunc_end2
	.long	.Lfunc_begin3
	.long	.Lfunc_end3
	.long	.Lfunc_begin4
	.long	.Lfunc_end4
	.long	0
	.long	0
	.section	.debug_str,"MS",%progbits,1
.Linfo_string0:
	.asciz	"Component: Arm Compiler for Embedded 6.21 Tool: armclang [5ec1fd00]" @ string offset=0
.Linfo_string1:
	.asciz	"../../../../../../kernel/freertos/Source\\list.c" @ string offset=68
.Linfo_string2:
	.asciz	"D:\\TI_M0G3507\\mspm0_sdk_2_05_00_05\\kernel\\freertos\\builds\\LP_MSPM0G3507\\release\\keil" @ string offset=116
.Linfo_string3:
	.asciz	"xItemValue"                    @ string offset=201
.Linfo_string4:
	.asciz	"unsigned int"                  @ string offset=212
.Linfo_string5:
	.asciz	"uint32_t"                      @ string offset=225
.Linfo_string6:
	.asciz	"TickType_t"                    @ string offset=234
.Linfo_string7:
	.asciz	"pxNext"                        @ string offset=245
.Linfo_string8:
	.asciz	"pxPrevious"                    @ string offset=252
.Linfo_string9:
	.asciz	"pvOwner"                       @ string offset=263
.Linfo_string10:
	.asciz	"pxContainer"                   @ string offset=271
.Linfo_string11:
	.asciz	"uxNumberOfItems"               @ string offset=283
.Linfo_string12:
	.asciz	"unsigned long"                 @ string offset=299
.Linfo_string13:
	.asciz	"UBaseType_t"                   @ string offset=313
.Linfo_string14:
	.asciz	"pxIndex"                       @ string offset=325
.Linfo_string15:
	.asciz	"xListEnd"                      @ string offset=333
.Linfo_string16:
	.asciz	"xMINI_LIST_ITEM"               @ string offset=342
.Linfo_string17:
	.asciz	"MiniListItem_t"                @ string offset=358
.Linfo_string18:
	.asciz	"xLIST"                         @ string offset=373
.Linfo_string19:
	.asciz	"xLIST_ITEM"                    @ string offset=379
.Linfo_string20:
	.asciz	"ListItem_t"                    @ string offset=390
.Linfo_string21:
	.asciz	"vListInitialise"               @ string offset=401
.Linfo_string22:
	.asciz	"vListInitialiseItem"           @ string offset=417
.Linfo_string23:
	.asciz	"vListInsertEnd"                @ string offset=437
.Linfo_string24:
	.asciz	"vListInsert"                   @ string offset=452
.Linfo_string25:
	.asciz	"uxListRemove"                  @ string offset=464
.Linfo_string26:
	.asciz	"pxList"                        @ string offset=477
.Linfo_string27:
	.asciz	"List_t"                        @ string offset=484
.Linfo_string28:
	.asciz	"pxItem"                        @ string offset=491
.Linfo_string29:
	.asciz	"pxNewListItem"                 @ string offset=498
.Linfo_string30:
	.asciz	"xValueOfInsertion"             @ string offset=512
.Linfo_string31:
	.asciz	"pxIterator"                    @ string offset=530
.Linfo_string32:
	.asciz	"pxItemToRemove"                @ string offset=541
	.ident	"Component: Arm Compiler for Embedded 6.21 Tool: armclang [5ec1fd00]"
	.section	".note.GNU-stack","",%progbits
	.eabi_attribute	30, 1	@ Tag_ABI_optimization_goals
	.ARM_attribute	16, 1	@ Tag_AV_eba
	.section	.debug_line,"",%progbits
.Lline_table_start0:
