	.text
	.syntax unified
	.eabi_attribute	67, "2.09"	@ Tag_conformance
	.cpu	cortex-m0plus
	.eabi_attribute	6, 12	@ Tag_CPU_arch
	.eabi_attribute	7, 77	@ Tag_CPU_arch_profile
	.eabi_attribute	8, 0	@ Tag_ARM_ISA_use
	.eabi_attribute	9, 1	@ Tag_THUMB_ISA_use
	.eabi_attribute	34, 0	@ Tag_CPU_unaligned_access
	.eabi_attribute	17, 1	@ Tag_ABI_PCS_GOT_use
	.eabi_attribute	20, 2	@ Tag_ABI_FP_denormal
	.eabi_attribute	21, 0	@ Tag_ABI_FP_exceptions
	.eabi_attribute	23, 1	@ Tag_ABI_FP_number_model
	.eabi_attribute	24, 1	@ Tag_ABI_align_needed
	.eabi_attribute	25, 1	@ Tag_ABI_align_preserved
	.eabi_attribute	38, 1	@ Tag_ABI_FP_16bit_format
	.eabi_attribute	18, 2	@ Tag_ABI_PCS_wchar_t
	.eabi_attribute	26, 1	@ Tag_ABI_enum_size
	.eabi_attribute	14, 0	@ Tag_ABI_PCS_R9_use
	.file	"MutexP_freertos.c"
	.file	1 "I:\\Keil5\\keil5_mdk\\ARM\\ARMCLANG\\Bin\\..\\include" "stdint.h"
	.file	2 "D:\\TI_M0G3507\\mspm0_sdk_2_05_00_05\\kernel\\freertos\\builds\\LP_MSPM0G3507\\release\\keil" "../../../../../../kernel/freertos/Source/include\\FreeRTOS.h"
	.file	3 "D:\\TI_M0G3507\\mspm0_sdk_2_05_00_05\\kernel\\freertos\\builds\\LP_MSPM0G3507\\release\\keil" "../../../../../../kernel/freertos/Source/portable/GCC/ARM_CM0\\portmacro.h"
	.file	4 "D:\\TI_M0G3507\\mspm0_sdk_2_05_00_05\\kernel\\freertos\\builds\\LP_MSPM0G3507\\release\\keil" "../../../../../../source\\ti/drivers/dpl/MutexP.h"
	.file	5 "D:\\TI_M0G3507\\mspm0_sdk_2_05_00_05\\kernel\\freertos\\builds\\LP_MSPM0G3507\\release\\keil" "../../../../../../kernel/freertos/Source/include/queue.h"
	.file	6 "D:\\TI_M0G3507\\mspm0_sdk_2_05_00_05\\kernel\\freertos\\builds\\LP_MSPM0G3507\\release\\keil" "../../../../../../kernel/freertos/Source/include\\semphr.h"
	.section	.text.MutexP_construct,"ax",%progbits
	.hidden	MutexP_construct                @ -- Begin function MutexP_construct
	.globl	MutexP_construct
	.p2align	1
	.type	MutexP_construct,%function
	.code	16                              @ @MutexP_construct
	.thumb_func
MutexP_construct:
.Lfunc_begin0:
	.file	7 "D:\\TI_M0G3507\\mspm0_sdk_2_05_00_05\\kernel\\freertos\\builds\\LP_MSPM0G3507\\release\\keil" "../../../../../../kernel/freertos/dpl/MutexP_freertos.c"
	.loc	7 46 0                          @ ../../../../../../kernel/freertos/dpl/MutexP_freertos.c:46:0
	.fnstart
	.cfi_sections .debug_frame
	.cfi_startproc
@ %bb.0:
	@DEBUG_VALUE: MutexP_construct:handle <- $r0
	@DEBUG_VALUE: MutexP_construct:params <- $r1
	.save	{r7, lr}
	push	{r7, lr}
	.cfi_def_cfa_offset 8
	.cfi_offset lr, -4
	.cfi_offset r7, -8
	mov	r1, r0
.Ltmp0:
	@DEBUG_VALUE: MutexP_construct:params <- [DW_OP_LLVM_entry_value 1] $r1
	@DEBUG_VALUE: MutexP_construct:sem <- 0
	@DEBUG_VALUE: MutexP_construct:handle <- $r1
	movs	r0, #4
.Ltmp1:
	.loc	7 50 11 prologue_end            @ ../../../../../../kernel/freertos/dpl/MutexP_freertos.c:50:11
	bl	xQueueCreateMutexStatic
.Ltmp2:
	@DEBUG_VALUE: MutexP_construct:sem <- $r0
	.loc	7 53 5 epilogue_begin           @ ../../../../../../kernel/freertos/dpl/MutexP_freertos.c:53:5
	pop	{r7, pc}
.Ltmp3:
.Lfunc_end0:
	.size	MutexP_construct, .Lfunc_end0-MutexP_construct
	.cfi_endproc
	.cantunwind
	.fnend
                                        @ -- End function
	.section	.text.MutexP_create,"ax",%progbits
	.hidden	MutexP_create                   @ -- Begin function MutexP_create
	.globl	MutexP_create
	.p2align	1
	.type	MutexP_create,%function
	.code	16                              @ @MutexP_create
	.thumb_func
MutexP_create:
.Lfunc_begin1:
	.loc	7 60 0                          @ ../../../../../../kernel/freertos/dpl/MutexP_freertos.c:60:0
	.fnstart
	.cfi_startproc
@ %bb.0:
	@DEBUG_VALUE: MutexP_create:params <- $r0
	.save	{r7, lr}
	push	{r7, lr}
	.cfi_def_cfa_offset 8
	.cfi_offset lr, -4
	.cfi_offset r7, -8
.Ltmp4:
	@DEBUG_VALUE: MutexP_create:sem <- 0
	movs	r0, #4
.Ltmp5:
	@DEBUG_VALUE: MutexP_create:params <- [DW_OP_LLVM_entry_value 1] $r0
	.loc	7 69 11 prologue_end            @ ../../../../../../kernel/freertos/dpl/MutexP_freertos.c:69:11
	bl	xQueueCreateMutex
.Ltmp6:
	@DEBUG_VALUE: MutexP_create:sem <- $r0
	.loc	7 71 5 epilogue_begin           @ ../../../../../../kernel/freertos/dpl/MutexP_freertos.c:71:5
	pop	{r7, pc}
.Ltmp7:
.Lfunc_end1:
	.size	MutexP_create, .Lfunc_end1-MutexP_create
	.cfi_endproc
	.cantunwind
	.fnend
                                        @ -- End function
	.section	.text.MutexP_delete,"ax",%progbits
	.hidden	MutexP_delete                   @ -- Begin function MutexP_delete
	.globl	MutexP_delete
	.p2align	1
	.type	MutexP_delete,%function
	.code	16                              @ @MutexP_delete
	.thumb_func
MutexP_delete:
.Lfunc_begin2:
	.loc	7 78 0                          @ ../../../../../../kernel/freertos/dpl/MutexP_freertos.c:78:0
	.fnstart
	.cfi_startproc
@ %bb.0:
	@DEBUG_VALUE: MutexP_delete:handle <- $r0
	.save	{r7, lr}
	push	{r7, lr}
	.cfi_def_cfa_offset 8
	.cfi_offset lr, -4
	.cfi_offset r7, -8
.Ltmp8:
	.loc	7 79 5 prologue_end             @ ../../../../../../kernel/freertos/dpl/MutexP_freertos.c:79:5
	bl	vQueueDelete
.Ltmp9:
	@DEBUG_VALUE: MutexP_delete:handle <- [DW_OP_LLVM_entry_value 1] $r0
	.loc	7 80 1 epilogue_begin           @ ../../../../../../kernel/freertos/dpl/MutexP_freertos.c:80:1
	pop	{r7, pc}
.Ltmp10:
.Lfunc_end2:
	.size	MutexP_delete, .Lfunc_end2-MutexP_delete
	.cfi_endproc
	.cantunwind
	.fnend
                                        @ -- End function
	.section	.text.MutexP_destruct,"ax",%progbits
	.hidden	MutexP_destruct                 @ -- Begin function MutexP_destruct
	.globl	MutexP_destruct
	.p2align	1
	.type	MutexP_destruct,%function
	.code	16                              @ @MutexP_destruct
	.thumb_func
MutexP_destruct:
.Lfunc_begin3:
	.fnstart
	.cfi_startproc
@ %bb.0:
	@DEBUG_VALUE: MutexP_destruct:mutP <- $r0
	.loc	7 86 2 prologue_end             @ ../../../../../../kernel/freertos/dpl/MutexP_freertos.c:86:2
	bx	lr
.Ltmp11:
.Lfunc_end3:
	.size	MutexP_destruct, .Lfunc_end3-MutexP_destruct
	.cfi_endproc
	.cantunwind
	.fnend
                                        @ -- End function
	.section	.text.MutexP_lock,"ax",%progbits
	.hidden	MutexP_lock                     @ -- Begin function MutexP_lock
	.globl	MutexP_lock
	.p2align	1
	.type	MutexP_lock,%function
	.code	16                              @ @MutexP_lock
	.thumb_func
MutexP_lock:
.Lfunc_begin4:
	.loc	7 92 0                          @ ../../../../../../kernel/freertos/dpl/MutexP_freertos.c:92:0
	.fnstart
	.cfi_startproc
@ %bb.0:
	@DEBUG_VALUE: MutexP_lock:handle <- $r0
	.save	{r4, lr}
	push	{r4, lr}
	.cfi_def_cfa_offset 8
	.cfi_offset lr, -4
	.cfi_offset r4, -8
.Ltmp12:
	@DEBUG_VALUE: MutexP_lock:xMutex <- $r0
	mov	r4, r0
.Ltmp13:
	@DEBUG_VALUE: MutexP_lock:xMutex <- $r4
	@DEBUG_VALUE: MutexP_lock:handle <- $r4
.LBB4_1:                                @ =>This Inner Loop Header: Depth=1
	@DEBUG_VALUE: MutexP_lock:handle <- $r4
	@DEBUG_VALUE: MutexP_lock:xMutex <- $r4
	movs	r1, #10
.Ltmp14:
	.loc	7 96 12 prologue_end            @ ../../../../../../kernel/freertos/dpl/MutexP_freertos.c:96:12
	mov	r0, r4
	bl	xQueueTakeMutexRecursive
.Ltmp15:
	.loc	7 96 5 is_stmt 0                @ ../../../../../../kernel/freertos/dpl/MutexP_freertos.c:96:5
	cmp	r0, #0
	beq	.LBB4_1
.Ltmp16:
@ %bb.2:
	@DEBUG_VALUE: MutexP_lock:handle <- $r4
	@DEBUG_VALUE: MutexP_lock:xMutex <- $r4
	.loc	7 0 5                           @ ../../../../../../kernel/freertos/dpl/MutexP_freertos.c:0:5
	movs	r0, #0
	.loc	7 100 5 epilogue_begin is_stmt 1 @ ../../../../../../kernel/freertos/dpl/MutexP_freertos.c:100:5
	pop	{r4, pc}
.Ltmp17:
.Lfunc_end4:
	.size	MutexP_lock, .Lfunc_end4-MutexP_lock
	.cfi_endproc
	.cantunwind
	.fnend
                                        @ -- End function
	.section	.text.MutexP_Params_init,"ax",%progbits
	.hidden	MutexP_Params_init              @ -- Begin function MutexP_Params_init
	.globl	MutexP_Params_init
	.p2align	1
	.type	MutexP_Params_init,%function
	.code	16                              @ @MutexP_Params_init
	.thumb_func
MutexP_Params_init:
.Lfunc_begin5:
	.loc	7 107 0                         @ ../../../../../../kernel/freertos/dpl/MutexP_freertos.c:107:0
	.fnstart
	.cfi_startproc
@ %bb.0:
	@DEBUG_VALUE: MutexP_Params_init:params <- $r0
	movs	r1, #0
.Ltmp18:
	.loc	7 108 22 prologue_end           @ ../../../../../../kernel/freertos/dpl/MutexP_freertos.c:108:22
	str	r1, [r0]
	.loc	7 109 1                         @ ../../../../../../kernel/freertos/dpl/MutexP_freertos.c:109:1
	bx	lr
.Ltmp19:
.Lfunc_end5:
	.size	MutexP_Params_init, .Lfunc_end5-MutexP_Params_init
	.cfi_endproc
	.cantunwind
	.fnend
                                        @ -- End function
	.section	.text.MutexP_staticObjectSize,"ax",%progbits
	.hidden	MutexP_staticObjectSize         @ -- Begin function MutexP_staticObjectSize
	.globl	MutexP_staticObjectSize
	.p2align	1
	.type	MutexP_staticObjectSize,%function
	.code	16                              @ @MutexP_staticObjectSize
	.thumb_func
MutexP_staticObjectSize:
.Lfunc_begin6:
	.loc	7 116 0                         @ ../../../../../../kernel/freertos/dpl/MutexP_freertos.c:116:0
	.fnstart
	.cfi_startproc
@ %bb.0:
	movs	r0, #80
.Ltmp20:
	.loc	7 117 5 prologue_end            @ ../../../../../../kernel/freertos/dpl/MutexP_freertos.c:117:5
	bx	lr
.Ltmp21:
.Lfunc_end6:
	.size	MutexP_staticObjectSize, .Lfunc_end6-MutexP_staticObjectSize
	.cfi_endproc
	.cantunwind
	.fnend
                                        @ -- End function
	.section	.text.MutexP_unlock,"ax",%progbits
	.hidden	MutexP_unlock                   @ -- Begin function MutexP_unlock
	.globl	MutexP_unlock
	.p2align	1
	.type	MutexP_unlock,%function
	.code	16                              @ @MutexP_unlock
	.thumb_func
MutexP_unlock:
.Lfunc_begin7:
	.loc	7 125 0                         @ ../../../../../../kernel/freertos/dpl/MutexP_freertos.c:125:0
	.fnstart
	.cfi_startproc
@ %bb.0:
	@DEBUG_VALUE: MutexP_unlock:handle <- $r0
	@DEBUG_VALUE: MutexP_unlock:key <- $r1
	.save	{r7, lr}
	push	{r7, lr}
	.cfi_def_cfa_offset 8
	.cfi_offset lr, -4
	.cfi_offset r7, -8
.Ltmp22:
	@DEBUG_VALUE: MutexP_unlock:xMutex <- $r0
	.loc	7 127 5 prologue_end            @ ../../../../../../kernel/freertos/dpl/MutexP_freertos.c:127:5
	bl	xQueueGiveMutexRecursive
.Ltmp23:
	@DEBUG_VALUE: MutexP_unlock:key <- [DW_OP_LLVM_entry_value 1] $r1
	@DEBUG_VALUE: MutexP_unlock:handle <- [DW_OP_LLVM_entry_value 1] $r0
	.loc	7 128 1 epilogue_begin          @ ../../../../../../kernel/freertos/dpl/MutexP_freertos.c:128:1
	pop	{r7, pc}
.Ltmp24:
.Lfunc_end7:
	.size	MutexP_unlock, .Lfunc_end7-MutexP_unlock
	.cfi_endproc
	.cantunwind
	.fnend
                                        @ -- End function
	.file	8 "I:\\Keil5\\keil5_mdk\\ARM\\ARMCLANG\\Bin\\..\\include" "stddef.h"
	.section	.debug_loc,"",%progbits
.Ldebug_loc0:
	.long	-1
	.long	.Lfunc_begin0                   @   base address
	.long	.Lfunc_begin0-.Lfunc_begin0
	.long	.Ltmp0-.Lfunc_begin0
	.short	1                               @ Loc expr size
	.byte	80                              @ DW_OP_reg0
	.long	.Ltmp0-.Lfunc_begin0
	.long	.Ltmp2-.Lfunc_begin0
	.short	1                               @ Loc expr size
	.byte	81                              @ DW_OP_reg1
	.long	0
	.long	0
.Ldebug_loc1:
	.long	-1
	.long	.Lfunc_begin0                   @   base address
	.long	.Lfunc_begin0-.Lfunc_begin0
	.long	.Ltmp0-.Lfunc_begin0
	.short	1                               @ Loc expr size
	.byte	81                              @ DW_OP_reg1
	.long	.Ltmp0-.Lfunc_begin0
	.long	.Lfunc_end0-.Lfunc_begin0
	.short	4                               @ Loc expr size
	.byte	243                             @ DW_OP_GNU_entry_value
	.byte	1                               @ 1
	.byte	81                              @ DW_OP_reg1
	.byte	159                             @ DW_OP_stack_value
	.long	0
	.long	0
.Ldebug_loc2:
	.long	-1
	.long	.Lfunc_begin0                   @   base address
	.long	.Ltmp0-.Lfunc_begin0
	.long	.Ltmp2-.Lfunc_begin0
	.short	2                               @ Loc expr size
	.byte	48                              @ DW_OP_lit0
	.byte	159                             @ DW_OP_stack_value
	.long	.Ltmp2-.Lfunc_begin0
	.long	.Lfunc_end0-.Lfunc_begin0
	.short	1                               @ Loc expr size
	.byte	80                              @ DW_OP_reg0
	.long	0
	.long	0
.Ldebug_loc3:
	.long	-1
	.long	.Lfunc_begin1                   @   base address
	.long	.Lfunc_begin1-.Lfunc_begin1
	.long	.Ltmp5-.Lfunc_begin1
	.short	1                               @ Loc expr size
	.byte	80                              @ DW_OP_reg0
	.long	.Ltmp5-.Lfunc_begin1
	.long	.Lfunc_end1-.Lfunc_begin1
	.short	4                               @ Loc expr size
	.byte	243                             @ DW_OP_GNU_entry_value
	.byte	1                               @ 1
	.byte	80                              @ DW_OP_reg0
	.byte	159                             @ DW_OP_stack_value
	.long	0
	.long	0
.Ldebug_loc4:
	.long	-1
	.long	.Lfunc_begin1                   @   base address
	.long	.Ltmp4-.Lfunc_begin1
	.long	.Ltmp6-.Lfunc_begin1
	.short	2                               @ Loc expr size
	.byte	48                              @ DW_OP_lit0
	.byte	159                             @ DW_OP_stack_value
	.long	.Ltmp6-.Lfunc_begin1
	.long	.Lfunc_end1-.Lfunc_begin1
	.short	1                               @ Loc expr size
	.byte	80                              @ DW_OP_reg0
	.long	0
	.long	0
.Ldebug_loc5:
	.long	-1
	.long	.Lfunc_begin2                   @   base address
	.long	.Lfunc_begin2-.Lfunc_begin2
	.long	.Ltmp9-.Lfunc_begin2
	.short	1                               @ Loc expr size
	.byte	80                              @ DW_OP_reg0
	.long	.Ltmp9-.Lfunc_begin2
	.long	.Lfunc_end2-.Lfunc_begin2
	.short	4                               @ Loc expr size
	.byte	243                             @ DW_OP_GNU_entry_value
	.byte	1                               @ 1
	.byte	80                              @ DW_OP_reg0
	.byte	159                             @ DW_OP_stack_value
	.long	0
	.long	0
.Ldebug_loc6:
	.long	-1
	.long	.Lfunc_begin4                   @   base address
	.long	.Lfunc_begin4-.Lfunc_begin4
	.long	.Ltmp13-.Lfunc_begin4
	.short	1                               @ Loc expr size
	.byte	80                              @ DW_OP_reg0
	.long	.Ltmp13-.Lfunc_begin4
	.long	.Ltmp17-.Lfunc_begin4
	.short	1                               @ Loc expr size
	.byte	84                              @ DW_OP_reg4
	.long	0
	.long	0
.Ldebug_loc7:
	.long	-1
	.long	.Lfunc_begin4                   @   base address
	.long	.Ltmp12-.Lfunc_begin4
	.long	.Ltmp13-.Lfunc_begin4
	.short	1                               @ Loc expr size
	.byte	80                              @ DW_OP_reg0
	.long	.Ltmp13-.Lfunc_begin4
	.long	.Ltmp17-.Lfunc_begin4
	.short	1                               @ Loc expr size
	.byte	84                              @ DW_OP_reg4
	.long	0
	.long	0
.Ldebug_loc8:
	.long	-1
	.long	.Lfunc_begin7                   @   base address
	.long	.Lfunc_begin7-.Lfunc_begin7
	.long	.Ltmp23-.Lfunc_begin7
	.short	1                               @ Loc expr size
	.byte	80                              @ DW_OP_reg0
	.long	.Ltmp23-.Lfunc_begin7
	.long	.Lfunc_end7-.Lfunc_begin7
	.short	4                               @ Loc expr size
	.byte	243                             @ DW_OP_GNU_entry_value
	.byte	1                               @ 1
	.byte	80                              @ DW_OP_reg0
	.byte	159                             @ DW_OP_stack_value
	.long	0
	.long	0
.Ldebug_loc9:
	.long	-1
	.long	.Lfunc_begin7                   @   base address
	.long	.Lfunc_begin7-.Lfunc_begin7
	.long	.Ltmp23-.Lfunc_begin7
	.short	1                               @ Loc expr size
	.byte	81                              @ DW_OP_reg1
	.long	.Ltmp23-.Lfunc_begin7
	.long	.Lfunc_end7-.Lfunc_begin7
	.short	4                               @ Loc expr size
	.byte	243                             @ DW_OP_GNU_entry_value
	.byte	1                               @ 1
	.byte	81                              @ DW_OP_reg1
	.byte	159                             @ DW_OP_stack_value
	.long	0
	.long	0
.Ldebug_loc10:
	.long	-1
	.long	.Lfunc_begin7                   @   base address
	.long	.Ltmp22-.Lfunc_begin7
	.long	.Ltmp23-.Lfunc_begin7
	.short	1                               @ Loc expr size
	.byte	80                              @ DW_OP_reg0
	.long	0
	.long	0
	.section	.debug_abbrev,"",%progbits
	.byte	1                               @ Abbreviation Code
	.byte	17                              @ DW_TAG_compile_unit
	.byte	1                               @ DW_CHILDREN_yes
	.byte	37                              @ DW_AT_producer
	.byte	14                              @ DW_FORM_strp
	.byte	19                              @ DW_AT_language
	.byte	5                               @ DW_FORM_data2
	.byte	3                               @ DW_AT_name
	.byte	14                              @ DW_FORM_strp
	.byte	16                              @ DW_AT_stmt_list
	.byte	23                              @ DW_FORM_sec_offset
	.byte	27                              @ DW_AT_comp_dir
	.byte	14                              @ DW_FORM_strp
	.byte	17                              @ DW_AT_low_pc
	.byte	1                               @ DW_FORM_addr
	.byte	85                              @ DW_AT_ranges
	.byte	23                              @ DW_FORM_sec_offset
	.byte	0                               @ EOM(1)
	.byte	0                               @ EOM(2)
	.byte	2                               @ Abbreviation Code
	.byte	22                              @ DW_TAG_typedef
	.byte	0                               @ DW_CHILDREN_no
	.byte	73                              @ DW_AT_type
	.byte	19                              @ DW_FORM_ref4
	.byte	3                               @ DW_AT_name
	.byte	14                              @ DW_FORM_strp
	.byte	58                              @ DW_AT_decl_file
	.byte	11                              @ DW_FORM_data1
	.byte	59                              @ DW_AT_decl_line
	.byte	11                              @ DW_FORM_data1
	.byte	0                               @ EOM(1)
	.byte	0                               @ EOM(2)
	.byte	3                               @ Abbreviation Code
	.byte	36                              @ DW_TAG_base_type
	.byte	0                               @ DW_CHILDREN_no
	.byte	3                               @ DW_AT_name
	.byte	14                              @ DW_FORM_strp
	.byte	62                              @ DW_AT_encoding
	.byte	11                              @ DW_FORM_data1
	.byte	11                              @ DW_AT_byte_size
	.byte	11                              @ DW_FORM_data1
	.byte	0                               @ EOM(1)
	.byte	0                               @ EOM(2)
	.byte	4                               @ Abbreviation Code
	.byte	15                              @ DW_TAG_pointer_type
	.byte	0                               @ DW_CHILDREN_no
	.byte	73                              @ DW_AT_type
	.byte	19                              @ DW_FORM_ref4
	.byte	0                               @ EOM(1)
	.byte	0                               @ EOM(2)
	.byte	5                               @ Abbreviation Code
	.byte	22                              @ DW_TAG_typedef
	.byte	0                               @ DW_CHILDREN_no
	.byte	73                              @ DW_AT_type
	.byte	19                              @ DW_FORM_ref4
	.byte	3                               @ DW_AT_name
	.byte	14                              @ DW_FORM_strp
	.byte	58                              @ DW_AT_decl_file
	.byte	11                              @ DW_FORM_data1
	.byte	59                              @ DW_AT_decl_line
	.byte	5                               @ DW_FORM_data2
	.byte	0                               @ EOM(1)
	.byte	0                               @ EOM(2)
	.byte	6                               @ Abbreviation Code
	.byte	19                              @ DW_TAG_structure_type
	.byte	1                               @ DW_CHILDREN_yes
	.byte	3                               @ DW_AT_name
	.byte	14                              @ DW_FORM_strp
	.byte	11                              @ DW_AT_byte_size
	.byte	11                              @ DW_FORM_data1
	.byte	58                              @ DW_AT_decl_file
	.byte	11                              @ DW_FORM_data1
	.byte	59                              @ DW_AT_decl_line
	.byte	5                               @ DW_FORM_data2
	.byte	0                               @ EOM(1)
	.byte	0                               @ EOM(2)
	.byte	7                               @ Abbreviation Code
	.byte	13                              @ DW_TAG_member
	.byte	0                               @ DW_CHILDREN_no
	.byte	3                               @ DW_AT_name
	.byte	14                              @ DW_FORM_strp
	.byte	73                              @ DW_AT_type
	.byte	19                              @ DW_FORM_ref4
	.byte	58                              @ DW_AT_decl_file
	.byte	11                              @ DW_FORM_data1
	.byte	59                              @ DW_AT_decl_line
	.byte	5                               @ DW_FORM_data2
	.byte	56                              @ DW_AT_data_member_location
	.byte	11                              @ DW_FORM_data1
	.byte	0                               @ EOM(1)
	.byte	0                               @ EOM(2)
	.byte	8                               @ Abbreviation Code
	.byte	23                              @ DW_TAG_union_type
	.byte	1                               @ DW_CHILDREN_yes
	.byte	11                              @ DW_AT_byte_size
	.byte	11                              @ DW_FORM_data1
	.byte	58                              @ DW_AT_decl_file
	.byte	11                              @ DW_FORM_data1
	.byte	59                              @ DW_AT_decl_line
	.byte	5                               @ DW_FORM_data2
	.byte	0                               @ EOM(1)
	.byte	0                               @ EOM(2)
	.byte	9                               @ Abbreviation Code
	.byte	1                               @ DW_TAG_array_type
	.byte	1                               @ DW_CHILDREN_yes
	.byte	73                              @ DW_AT_type
	.byte	19                              @ DW_FORM_ref4
	.byte	0                               @ EOM(1)
	.byte	0                               @ EOM(2)
	.byte	10                              @ Abbreviation Code
	.byte	33                              @ DW_TAG_subrange_type
	.byte	0                               @ DW_CHILDREN_no
	.byte	73                              @ DW_AT_type
	.byte	19                              @ DW_FORM_ref4
	.byte	55                              @ DW_AT_count
	.byte	11                              @ DW_FORM_data1
	.byte	0                               @ EOM(1)
	.byte	0                               @ EOM(2)
	.byte	11                              @ Abbreviation Code
	.byte	15                              @ DW_TAG_pointer_type
	.byte	0                               @ DW_CHILDREN_no
	.byte	0                               @ EOM(1)
	.byte	0                               @ EOM(2)
	.byte	12                              @ Abbreviation Code
	.byte	36                              @ DW_TAG_base_type
	.byte	0                               @ DW_CHILDREN_no
	.byte	3                               @ DW_AT_name
	.byte	14                              @ DW_FORM_strp
	.byte	11                              @ DW_AT_byte_size
	.byte	11                              @ DW_FORM_data1
	.byte	62                              @ DW_AT_encoding
	.byte	11                              @ DW_FORM_data1
	.byte	0                               @ EOM(1)
	.byte	0                               @ EOM(2)
	.byte	13                              @ Abbreviation Code
	.byte	19                              @ DW_TAG_structure_type
	.byte	0                               @ DW_CHILDREN_no
	.byte	3                               @ DW_AT_name
	.byte	14                              @ DW_FORM_strp
	.byte	60                              @ DW_AT_declaration
	.byte	25                              @ DW_FORM_flag_present
	.byte	0                               @ EOM(1)
	.byte	0                               @ EOM(2)
	.byte	14                              @ Abbreviation Code
	.byte	46                              @ DW_TAG_subprogram
	.byte	1                               @ DW_CHILDREN_yes
	.byte	17                              @ DW_AT_low_pc
	.byte	1                               @ DW_FORM_addr
	.byte	18                              @ DW_AT_high_pc
	.byte	6                               @ DW_FORM_data4
	.byte	64                              @ DW_AT_frame_base
	.byte	24                              @ DW_FORM_exprloc
	.ascii	"\227B"                         @ DW_AT_GNU_all_call_sites
	.byte	25                              @ DW_FORM_flag_present
	.byte	3                               @ DW_AT_name
	.byte	14                              @ DW_FORM_strp
	.byte	58                              @ DW_AT_decl_file
	.byte	11                              @ DW_FORM_data1
	.byte	59                              @ DW_AT_decl_line
	.byte	11                              @ DW_FORM_data1
	.byte	39                              @ DW_AT_prototyped
	.byte	25                              @ DW_FORM_flag_present
	.byte	73                              @ DW_AT_type
	.byte	19                              @ DW_FORM_ref4
	.byte	63                              @ DW_AT_external
	.byte	25                              @ DW_FORM_flag_present
	.byte	0                               @ EOM(1)
	.byte	0                               @ EOM(2)
	.byte	15                              @ Abbreviation Code
	.byte	5                               @ DW_TAG_formal_parameter
	.byte	0                               @ DW_CHILDREN_no
	.byte	2                               @ DW_AT_location
	.byte	23                              @ DW_FORM_sec_offset
	.byte	3                               @ DW_AT_name
	.byte	14                              @ DW_FORM_strp
	.byte	58                              @ DW_AT_decl_file
	.byte	11                              @ DW_FORM_data1
	.byte	59                              @ DW_AT_decl_line
	.byte	11                              @ DW_FORM_data1
	.byte	73                              @ DW_AT_type
	.byte	19                              @ DW_FORM_ref4
	.byte	0                               @ EOM(1)
	.byte	0                               @ EOM(2)
	.byte	16                              @ Abbreviation Code
	.byte	52                              @ DW_TAG_variable
	.byte	0                               @ DW_CHILDREN_no
	.byte	2                               @ DW_AT_location
	.byte	23                              @ DW_FORM_sec_offset
	.byte	3                               @ DW_AT_name
	.byte	14                              @ DW_FORM_strp
	.byte	58                              @ DW_AT_decl_file
	.byte	11                              @ DW_FORM_data1
	.byte	59                              @ DW_AT_decl_line
	.byte	11                              @ DW_FORM_data1
	.byte	73                              @ DW_AT_type
	.byte	19                              @ DW_FORM_ref4
	.byte	0                               @ EOM(1)
	.byte	0                               @ EOM(2)
	.byte	17                              @ Abbreviation Code
	.byte	46                              @ DW_TAG_subprogram
	.byte	1                               @ DW_CHILDREN_yes
	.byte	17                              @ DW_AT_low_pc
	.byte	1                               @ DW_FORM_addr
	.byte	18                              @ DW_AT_high_pc
	.byte	6                               @ DW_FORM_data4
	.byte	64                              @ DW_AT_frame_base
	.byte	24                              @ DW_FORM_exprloc
	.ascii	"\227B"                         @ DW_AT_GNU_all_call_sites
	.byte	25                              @ DW_FORM_flag_present
	.byte	3                               @ DW_AT_name
	.byte	14                              @ DW_FORM_strp
	.byte	58                              @ DW_AT_decl_file
	.byte	11                              @ DW_FORM_data1
	.byte	59                              @ DW_AT_decl_line
	.byte	11                              @ DW_FORM_data1
	.byte	39                              @ DW_AT_prototyped
	.byte	25                              @ DW_FORM_flag_present
	.byte	63                              @ DW_AT_external
	.byte	25                              @ DW_FORM_flag_present
	.byte	0                               @ EOM(1)
	.byte	0                               @ EOM(2)
	.byte	18                              @ Abbreviation Code
	.byte	5                               @ DW_TAG_formal_parameter
	.byte	0                               @ DW_CHILDREN_no
	.byte	2                               @ DW_AT_location
	.byte	24                              @ DW_FORM_exprloc
	.byte	3                               @ DW_AT_name
	.byte	14                              @ DW_FORM_strp
	.byte	58                              @ DW_AT_decl_file
	.byte	11                              @ DW_FORM_data1
	.byte	59                              @ DW_AT_decl_line
	.byte	11                              @ DW_FORM_data1
	.byte	73                              @ DW_AT_type
	.byte	19                              @ DW_FORM_ref4
	.byte	0                               @ EOM(1)
	.byte	0                               @ EOM(2)
	.byte	19                              @ Abbreviation Code
	.byte	46                              @ DW_TAG_subprogram
	.byte	0                               @ DW_CHILDREN_no
	.byte	17                              @ DW_AT_low_pc
	.byte	1                               @ DW_FORM_addr
	.byte	18                              @ DW_AT_high_pc
	.byte	6                               @ DW_FORM_data4
	.byte	64                              @ DW_AT_frame_base
	.byte	24                              @ DW_FORM_exprloc
	.ascii	"\227B"                         @ DW_AT_GNU_all_call_sites
	.byte	25                              @ DW_FORM_flag_present
	.byte	3                               @ DW_AT_name
	.byte	14                              @ DW_FORM_strp
	.byte	58                              @ DW_AT_decl_file
	.byte	11                              @ DW_FORM_data1
	.byte	59                              @ DW_AT_decl_line
	.byte	11                              @ DW_FORM_data1
	.byte	39                              @ DW_AT_prototyped
	.byte	25                              @ DW_FORM_flag_present
	.byte	73                              @ DW_AT_type
	.byte	19                              @ DW_FORM_ref4
	.byte	63                              @ DW_AT_external
	.byte	25                              @ DW_FORM_flag_present
	.byte	0                               @ EOM(1)
	.byte	0                               @ EOM(2)
	.byte	20                              @ Abbreviation Code
	.byte	23                              @ DW_TAG_union_type
	.byte	1                               @ DW_CHILDREN_yes
	.byte	3                               @ DW_AT_name
	.byte	14                              @ DW_FORM_strp
	.byte	11                              @ DW_AT_byte_size
	.byte	11                              @ DW_FORM_data1
	.byte	58                              @ DW_AT_decl_file
	.byte	11                              @ DW_FORM_data1
	.byte	59                              @ DW_AT_decl_line
	.byte	11                              @ DW_FORM_data1
	.byte	0                               @ EOM(1)
	.byte	0                               @ EOM(2)
	.byte	21                              @ Abbreviation Code
	.byte	13                              @ DW_TAG_member
	.byte	0                               @ DW_CHILDREN_no
	.byte	3                               @ DW_AT_name
	.byte	14                              @ DW_FORM_strp
	.byte	73                              @ DW_AT_type
	.byte	19                              @ DW_FORM_ref4
	.byte	58                              @ DW_AT_decl_file
	.byte	11                              @ DW_FORM_data1
	.byte	59                              @ DW_AT_decl_line
	.byte	11                              @ DW_FORM_data1
	.byte	56                              @ DW_AT_data_member_location
	.byte	11                              @ DW_FORM_data1
	.byte	0                               @ EOM(1)
	.byte	0                               @ EOM(2)
	.byte	22                              @ Abbreviation Code
	.byte	19                              @ DW_TAG_structure_type
	.byte	1                               @ DW_CHILDREN_yes
	.byte	11                              @ DW_AT_byte_size
	.byte	11                              @ DW_FORM_data1
	.byte	58                              @ DW_AT_decl_file
	.byte	11                              @ DW_FORM_data1
	.byte	59                              @ DW_AT_decl_line
	.byte	11                              @ DW_FORM_data1
	.byte	0                               @ EOM(1)
	.byte	0                               @ EOM(2)
	.byte	23                              @ Abbreviation Code
	.byte	21                              @ DW_TAG_subroutine_type
	.byte	0                               @ DW_CHILDREN_no
	.byte	39                              @ DW_AT_prototyped
	.byte	25                              @ DW_FORM_flag_present
	.byte	0                               @ EOM(1)
	.byte	0                               @ EOM(2)
	.byte	0                               @ EOM(3)
	.section	.debug_info,"",%progbits
.Lcu_begin0:
	.long	.Ldebug_info_end0-.Ldebug_info_start0 @ Length of Unit
.Ldebug_info_start0:
	.short	4                               @ DWARF version number
	.long	.debug_abbrev                   @ Offset Into Abbrev. Section
	.byte	4                               @ Address Size (in bytes)
	.byte	1                               @ Abbrev [1] 0xb:0x3d2 DW_TAG_compile_unit
	.long	.Linfo_string0                  @ DW_AT_producer
	.short	12                              @ DW_AT_language
	.long	.Linfo_string1                  @ DW_AT_name
	.long	.Lline_table_start0             @ DW_AT_stmt_list
	.long	.Linfo_string2                  @ DW_AT_comp_dir
	.long	0                               @ DW_AT_low_pc
	.long	.Ldebug_ranges0                 @ DW_AT_ranges
	.byte	2                               @ Abbrev [2] 0x26:0xb DW_TAG_typedef
	.long	49                              @ DW_AT_type
	.long	.Linfo_string4                  @ DW_AT_name
	.byte	1                               @ DW_AT_decl_file
	.byte	62                              @ DW_AT_decl_line
	.byte	3                               @ Abbrev [3] 0x31:0x7 DW_TAG_base_type
	.long	.Linfo_string3                  @ DW_AT_name
	.byte	8                               @ DW_AT_encoding
	.byte	1                               @ DW_AT_byte_size
	.byte	4                               @ Abbrev [4] 0x38:0x5 DW_TAG_pointer_type
	.long	61                              @ DW_AT_type
	.byte	5                               @ Abbrev [5] 0x3d:0xc DW_TAG_typedef
	.long	73                              @ DW_AT_type
	.long	.Linfo_string30                 @ DW_AT_name
	.byte	2                               @ DW_AT_decl_file
	.short	1268                            @ DW_AT_decl_line
	.byte	5                               @ Abbrev [5] 0x49:0xc DW_TAG_typedef
	.long	85                              @ DW_AT_type
	.long	.Linfo_string29                 @ DW_AT_name
	.byte	2                               @ DW_AT_decl_file
	.short	1267                            @ DW_AT_decl_line
	.byte	6                               @ Abbrev [6] 0x55:0x92 DW_TAG_structure_type
	.long	.Linfo_string28                 @ DW_AT_name
	.byte	80                              @ DW_AT_byte_size
	.byte	2                               @ DW_AT_decl_file
	.short	1241                            @ DW_AT_decl_line
	.byte	7                               @ Abbrev [7] 0x5e:0xd DW_TAG_member
	.long	.Linfo_string5                  @ DW_AT_name
	.long	231                             @ DW_AT_type
	.byte	2                               @ DW_AT_decl_file
	.short	1243                            @ DW_AT_decl_line
	.byte	0                               @ DW_AT_data_member_location
	.byte	7                               @ Abbrev [7] 0x6b:0xd DW_TAG_member
	.long	.Linfo_string7                  @ DW_AT_name
	.long	120                             @ DW_AT_type
	.byte	2                               @ DW_AT_decl_file
	.short	1249                            @ DW_AT_decl_line
	.byte	12                              @ DW_AT_data_member_location
	.byte	8                               @ Abbrev [8] 0x78:0x20 DW_TAG_union_type
	.byte	4                               @ DW_AT_byte_size
	.byte	2                               @ DW_AT_decl_file
	.short	1245                            @ DW_AT_decl_line
	.byte	7                               @ Abbrev [7] 0x7d:0xd DW_TAG_member
	.long	.Linfo_string8                  @ DW_AT_name
	.long	243                             @ DW_AT_type
	.byte	2                               @ DW_AT_decl_file
	.short	1247                            @ DW_AT_decl_line
	.byte	0                               @ DW_AT_data_member_location
	.byte	7                               @ Abbrev [7] 0x8a:0xd DW_TAG_member
	.long	.Linfo_string9                  @ DW_AT_name
	.long	251                             @ DW_AT_type
	.byte	2                               @ DW_AT_decl_file
	.short	1248                            @ DW_AT_decl_line
	.byte	0                               @ DW_AT_data_member_location
	.byte	0                               @ End Of Children Mark
	.byte	7                               @ Abbrev [7] 0x98:0xd DW_TAG_member
	.long	.Linfo_string12                 @ DW_AT_name
	.long	269                             @ DW_AT_type
	.byte	2                               @ DW_AT_decl_file
	.short	1251                            @ DW_AT_decl_line
	.byte	16                              @ DW_AT_data_member_location
	.byte	7                               @ Abbrev [7] 0xa5:0xd DW_TAG_member
	.long	.Linfo_string23                 @ DW_AT_name
	.long	431                             @ DW_AT_type
	.byte	2                               @ DW_AT_decl_file
	.short	1252                            @ DW_AT_decl_line
	.byte	56                              @ DW_AT_data_member_location
	.byte	7                               @ Abbrev [7] 0xb2:0xd DW_TAG_member
	.long	.Linfo_string24                 @ DW_AT_name
	.long	443                             @ DW_AT_type
	.byte	2                               @ DW_AT_decl_file
	.short	1253                            @ DW_AT_decl_line
	.byte	68                              @ DW_AT_data_member_location
	.byte	7                               @ Abbrev [7] 0xbf:0xd DW_TAG_member
	.long	.Linfo_string25                 @ DW_AT_name
	.long	38                              @ DW_AT_type
	.byte	2                               @ DW_AT_decl_file
	.short	1256                            @ DW_AT_decl_line
	.byte	70                              @ DW_AT_data_member_location
	.byte	7                               @ Abbrev [7] 0xcc:0xd DW_TAG_member
	.long	.Linfo_string26                 @ DW_AT_name
	.long	251                             @ DW_AT_type
	.byte	2                               @ DW_AT_decl_file
	.short	1264                            @ DW_AT_decl_line
	.byte	72                              @ DW_AT_data_member_location
	.byte	7                               @ Abbrev [7] 0xd9:0xd DW_TAG_member
	.long	.Linfo_string27                 @ DW_AT_name
	.long	38                              @ DW_AT_type
	.byte	2                               @ DW_AT_decl_file
	.short	1265                            @ DW_AT_decl_line
	.byte	76                              @ DW_AT_data_member_location
	.byte	0                               @ End Of Children Mark
	.byte	9                               @ Abbrev [9] 0xe7:0xc DW_TAG_array_type
	.long	243                             @ DW_AT_type
	.byte	10                              @ Abbrev [10] 0xec:0x6 DW_TAG_subrange_type
	.long	244                             @ DW_AT_type
	.byte	3                               @ DW_AT_count
	.byte	0                               @ End Of Children Mark
	.byte	11                              @ Abbrev [11] 0xf3:0x1 DW_TAG_pointer_type
	.byte	12                              @ Abbrev [12] 0xf4:0x7 DW_TAG_base_type
	.long	.Linfo_string6                  @ DW_AT_name
	.byte	8                               @ DW_AT_byte_size
	.byte	7                               @ DW_AT_encoding
	.byte	2                               @ Abbrev [2] 0xfb:0xb DW_TAG_typedef
	.long	262                             @ DW_AT_type
	.long	.Linfo_string11                 @ DW_AT_name
	.byte	3                               @ DW_AT_decl_file
	.byte	57                              @ DW_AT_decl_line
	.byte	3                               @ Abbrev [3] 0x106:0x7 DW_TAG_base_type
	.long	.Linfo_string10                 @ DW_AT_name
	.byte	7                               @ DW_AT_encoding
	.byte	4                               @ DW_AT_byte_size
	.byte	9                               @ Abbrev [9] 0x10d:0xc DW_TAG_array_type
	.long	281                             @ DW_AT_type
	.byte	10                              @ Abbrev [10] 0x112:0x6 DW_TAG_subrange_type
	.long	244                             @ DW_AT_type
	.byte	2                               @ DW_AT_count
	.byte	0                               @ End Of Children Mark
	.byte	5                               @ Abbrev [5] 0x119:0xc DW_TAG_typedef
	.long	293                             @ DW_AT_type
	.long	.Linfo_string22                 @ DW_AT_name
	.byte	2                               @ DW_AT_decl_file
	.short	1162                            @ DW_AT_decl_line
	.byte	6                               @ Abbrev [6] 0x125:0x31 DW_TAG_structure_type
	.long	.Linfo_string21                 @ DW_AT_name
	.byte	20                              @ DW_AT_byte_size
	.byte	2                               @ DW_AT_decl_file
	.short	1151                            @ DW_AT_decl_line
	.byte	7                               @ Abbrev [7] 0x12e:0xd DW_TAG_member
	.long	.Linfo_string9                  @ DW_AT_name
	.long	251                             @ DW_AT_type
	.byte	2                               @ DW_AT_decl_file
	.short	1156                            @ DW_AT_decl_line
	.byte	0                               @ DW_AT_data_member_location
	.byte	7                               @ Abbrev [7] 0x13b:0xd DW_TAG_member
	.long	.Linfo_string13                 @ DW_AT_name
	.long	243                             @ DW_AT_type
	.byte	2                               @ DW_AT_decl_file
	.short	1157                            @ DW_AT_decl_line
	.byte	4                               @ DW_AT_data_member_location
	.byte	7                               @ Abbrev [7] 0x148:0xd DW_TAG_member
	.long	.Linfo_string14                 @ DW_AT_name
	.long	342                             @ DW_AT_type
	.byte	2                               @ DW_AT_decl_file
	.short	1158                            @ DW_AT_decl_line
	.byte	8                               @ DW_AT_data_member_location
	.byte	0                               @ End Of Children Mark
	.byte	5                               @ Abbrev [5] 0x156:0xc DW_TAG_typedef
	.long	354                             @ DW_AT_type
	.long	.Linfo_string20                 @ DW_AT_name
	.byte	2                               @ DW_AT_decl_file
	.short	1148                            @ DW_AT_decl_line
	.byte	6                               @ Abbrev [6] 0x162:0x24 DW_TAG_structure_type
	.long	.Linfo_string19                 @ DW_AT_name
	.byte	12                              @ DW_AT_byte_size
	.byte	2                               @ DW_AT_decl_file
	.short	1140                            @ DW_AT_decl_line
	.byte	7                               @ Abbrev [7] 0x16b:0xd DW_TAG_member
	.long	.Linfo_string15                 @ DW_AT_name
	.long	390                             @ DW_AT_type
	.byte	2                               @ DW_AT_decl_file
	.short	1145                            @ DW_AT_decl_line
	.byte	0                               @ DW_AT_data_member_location
	.byte	7                               @ Abbrev [7] 0x178:0xd DW_TAG_member
	.long	.Linfo_string13                 @ DW_AT_name
	.long	419                             @ DW_AT_type
	.byte	2                               @ DW_AT_decl_file
	.short	1146                            @ DW_AT_decl_line
	.byte	4                               @ DW_AT_data_member_location
	.byte	0                               @ End Of Children Mark
	.byte	2                               @ Abbrev [2] 0x186:0xb DW_TAG_typedef
	.long	401                             @ DW_AT_type
	.long	.Linfo_string18                 @ DW_AT_name
	.byte	3                               @ DW_AT_decl_file
	.byte	63                              @ DW_AT_decl_line
	.byte	2                               @ Abbrev [2] 0x191:0xb DW_TAG_typedef
	.long	412                             @ DW_AT_type
	.long	.Linfo_string17                 @ DW_AT_name
	.byte	1                               @ DW_AT_decl_file
	.byte	64                              @ DW_AT_decl_line
	.byte	3                               @ Abbrev [3] 0x19c:0x7 DW_TAG_base_type
	.long	.Linfo_string16                 @ DW_AT_name
	.byte	7                               @ DW_AT_encoding
	.byte	4                               @ DW_AT_byte_size
	.byte	9                               @ Abbrev [9] 0x1a3:0xc DW_TAG_array_type
	.long	243                             @ DW_AT_type
	.byte	10                              @ Abbrev [10] 0x1a8:0x6 DW_TAG_subrange_type
	.long	244                             @ DW_AT_type
	.byte	2                               @ DW_AT_count
	.byte	0                               @ End Of Children Mark
	.byte	9                               @ Abbrev [9] 0x1af:0xc DW_TAG_array_type
	.long	251                             @ DW_AT_type
	.byte	10                              @ Abbrev [10] 0x1b4:0x6 DW_TAG_subrange_type
	.long	244                             @ DW_AT_type
	.byte	3                               @ DW_AT_count
	.byte	0                               @ End Of Children Mark
	.byte	9                               @ Abbrev [9] 0x1bb:0xc DW_TAG_array_type
	.long	38                              @ DW_AT_type
	.byte	10                              @ Abbrev [10] 0x1c0:0x6 DW_TAG_subrange_type
	.long	244                             @ DW_AT_type
	.byte	2                               @ DW_AT_count
	.byte	0                               @ End Of Children Mark
	.byte	2                               @ Abbrev [2] 0x1c7:0xb DW_TAG_typedef
	.long	243                             @ DW_AT_type
	.long	.Linfo_string31                 @ DW_AT_name
	.byte	4                               @ DW_AT_decl_file
	.byte	105                             @ DW_AT_decl_line
	.byte	2                               @ Abbrev [2] 0x1d2:0xb DW_TAG_typedef
	.long	477                             @ DW_AT_type
	.long	.Linfo_string33                 @ DW_AT_name
	.byte	5                               @ DW_AT_decl_file
	.byte	49                              @ DW_AT_decl_line
	.byte	4                               @ Abbrev [4] 0x1dd:0x5 DW_TAG_pointer_type
	.long	482                             @ DW_AT_type
	.byte	13                              @ Abbrev [13] 0x1e2:0x5 DW_TAG_structure_type
	.long	.Linfo_string32                 @ DW_AT_name
                                        @ DW_AT_declaration
	.byte	2                               @ Abbrev [2] 0x1e7:0xb DW_TAG_typedef
	.long	466                             @ DW_AT_type
	.long	.Linfo_string34                 @ DW_AT_name
	.byte	6                               @ DW_AT_decl_file
	.byte	36                              @ DW_AT_decl_line
	.byte	2                               @ Abbrev [2] 0x1f2:0xb DW_TAG_typedef
	.long	509                             @ DW_AT_type
	.long	.Linfo_string36                 @ DW_AT_name
	.byte	3                               @ DW_AT_decl_file
	.byte	56                              @ DW_AT_decl_line
	.byte	3                               @ Abbrev [3] 0x1fd:0x7 DW_TAG_base_type
	.long	.Linfo_string35                 @ DW_AT_name
	.byte	5                               @ DW_AT_encoding
	.byte	4                               @ DW_AT_byte_size
	.byte	14                              @ Abbrev [14] 0x204:0x43 DW_TAG_subprogram
	.long	.Lfunc_begin0                   @ DW_AT_low_pc
	.long	.Lfunc_end0-.Lfunc_begin0       @ DW_AT_high_pc
	.byte	1                               @ DW_AT_frame_base
	.byte	93
                                        @ DW_AT_GNU_all_call_sites
	.long	.Linfo_string37                 @ DW_AT_name
	.byte	7                               @ DW_AT_decl_file
	.byte	45                              @ DW_AT_decl_line
                                        @ DW_AT_prototyped
	.long	455                             @ DW_AT_type
                                        @ DW_AT_external
	.byte	15                              @ Abbrev [15] 0x219:0xf DW_TAG_formal_parameter
	.long	.Ldebug_loc0                    @ DW_AT_location
	.long	.Linfo_string47                 @ DW_AT_name
	.byte	7                               @ DW_AT_decl_file
	.byte	45                              @ DW_AT_decl_line
	.long	888                             @ DW_AT_type
	.byte	15                              @ Abbrev [15] 0x228:0xf DW_TAG_formal_parameter
	.long	.Ldebug_loc1                    @ DW_AT_location
	.long	.Linfo_string51                 @ DW_AT_name
	.byte	7                               @ DW_AT_decl_file
	.byte	45                              @ DW_AT_decl_line
	.long	949                             @ DW_AT_type
	.byte	16                              @ Abbrev [16] 0x237:0xf DW_TAG_variable
	.long	.Ldebug_loc2                    @ DW_AT_location
	.long	.Linfo_string54                 @ DW_AT_name
	.byte	7                               @ DW_AT_decl_file
	.byte	47                              @ DW_AT_decl_line
	.long	487                             @ DW_AT_type
	.byte	0                               @ End Of Children Mark
	.byte	14                              @ Abbrev [14] 0x247:0x34 DW_TAG_subprogram
	.long	.Lfunc_begin1                   @ DW_AT_low_pc
	.long	.Lfunc_end1-.Lfunc_begin1       @ DW_AT_high_pc
	.byte	1                               @ DW_AT_frame_base
	.byte	93
                                        @ DW_AT_GNU_all_call_sites
	.long	.Linfo_string38                 @ DW_AT_name
	.byte	7                               @ DW_AT_decl_file
	.byte	59                              @ DW_AT_decl_line
                                        @ DW_AT_prototyped
	.long	455                             @ DW_AT_type
                                        @ DW_AT_external
	.byte	15                              @ Abbrev [15] 0x25c:0xf DW_TAG_formal_parameter
	.long	.Ldebug_loc3                    @ DW_AT_location
	.long	.Linfo_string51                 @ DW_AT_name
	.byte	7                               @ DW_AT_decl_file
	.byte	59                              @ DW_AT_decl_line
	.long	949                             @ DW_AT_type
	.byte	16                              @ Abbrev [16] 0x26b:0xf DW_TAG_variable
	.long	.Ldebug_loc4                    @ DW_AT_location
	.long	.Linfo_string54                 @ DW_AT_name
	.byte	7                               @ DW_AT_decl_file
	.byte	61                              @ DW_AT_decl_line
	.long	487                             @ DW_AT_type
	.byte	0                               @ End Of Children Mark
	.byte	17                              @ Abbrev [17] 0x27b:0x21 DW_TAG_subprogram
	.long	.Lfunc_begin2                   @ DW_AT_low_pc
	.long	.Lfunc_end2-.Lfunc_begin2       @ DW_AT_high_pc
	.byte	1                               @ DW_AT_frame_base
	.byte	93
                                        @ DW_AT_GNU_all_call_sites
	.long	.Linfo_string39                 @ DW_AT_name
	.byte	7                               @ DW_AT_decl_file
	.byte	77                              @ DW_AT_decl_line
                                        @ DW_AT_prototyped
                                        @ DW_AT_external
	.byte	15                              @ Abbrev [15] 0x28c:0xf DW_TAG_formal_parameter
	.long	.Ldebug_loc5                    @ DW_AT_location
	.long	.Linfo_string47                 @ DW_AT_name
	.byte	7                               @ DW_AT_decl_file
	.byte	77                              @ DW_AT_decl_line
	.long	455                             @ DW_AT_type
	.byte	0                               @ End Of Children Mark
	.byte	17                              @ Abbrev [17] 0x29c:0x1f DW_TAG_subprogram
	.long	.Lfunc_begin3                   @ DW_AT_low_pc
	.long	.Lfunc_end3-.Lfunc_begin3       @ DW_AT_high_pc
	.byte	1                               @ DW_AT_frame_base
	.byte	93
                                        @ DW_AT_GNU_all_call_sites
	.long	.Linfo_string40                 @ DW_AT_name
	.byte	7                               @ DW_AT_decl_file
	.byte	85                              @ DW_AT_decl_line
                                        @ DW_AT_prototyped
                                        @ DW_AT_external
	.byte	18                              @ Abbrev [18] 0x2ad:0xd DW_TAG_formal_parameter
	.byte	1                               @ DW_AT_location
	.byte	80
	.long	.Linfo_string55                 @ DW_AT_name
	.byte	7                               @ DW_AT_decl_file
	.byte	85                              @ DW_AT_decl_line
	.long	888                             @ DW_AT_type
	.byte	0                               @ End Of Children Mark
	.byte	14                              @ Abbrev [14] 0x2bb:0x34 DW_TAG_subprogram
	.long	.Lfunc_begin4                   @ DW_AT_low_pc
	.long	.Lfunc_end4-.Lfunc_begin4       @ DW_AT_high_pc
	.byte	1                               @ DW_AT_frame_base
	.byte	93
                                        @ DW_AT_GNU_all_call_sites
	.long	.Linfo_string41                 @ DW_AT_name
	.byte	7                               @ DW_AT_decl_file
	.byte	91                              @ DW_AT_decl_line
                                        @ DW_AT_prototyped
	.long	866                             @ DW_AT_type
                                        @ DW_AT_external
	.byte	15                              @ Abbrev [15] 0x2d0:0xf DW_TAG_formal_parameter
	.long	.Ldebug_loc6                    @ DW_AT_location
	.long	.Linfo_string47                 @ DW_AT_name
	.byte	7                               @ DW_AT_decl_file
	.byte	91                              @ DW_AT_decl_line
	.long	455                             @ DW_AT_type
	.byte	16                              @ Abbrev [16] 0x2df:0xf DW_TAG_variable
	.long	.Ldebug_loc7                    @ DW_AT_location
	.long	.Linfo_string56                 @ DW_AT_name
	.byte	7                               @ DW_AT_decl_file
	.byte	93                              @ DW_AT_decl_line
	.long	487                             @ DW_AT_type
	.byte	0                               @ End Of Children Mark
	.byte	17                              @ Abbrev [17] 0x2ef:0x1f DW_TAG_subprogram
	.long	.Lfunc_begin5                   @ DW_AT_low_pc
	.long	.Lfunc_end5-.Lfunc_begin5       @ DW_AT_high_pc
	.byte	1                               @ DW_AT_frame_base
	.byte	93
                                        @ DW_AT_GNU_all_call_sites
	.long	.Linfo_string43                 @ DW_AT_name
	.byte	7                               @ DW_AT_decl_file
	.byte	106                             @ DW_AT_decl_line
                                        @ DW_AT_prototyped
                                        @ DW_AT_external
	.byte	18                              @ Abbrev [18] 0x300:0xd DW_TAG_formal_parameter
	.byte	1                               @ DW_AT_location
	.byte	80
	.long	.Linfo_string51                 @ DW_AT_name
	.byte	7                               @ DW_AT_decl_file
	.byte	106                             @ DW_AT_decl_line
	.long	949                             @ DW_AT_type
	.byte	0                               @ End Of Children Mark
	.byte	19                              @ Abbrev [19] 0x30e:0x15 DW_TAG_subprogram
	.long	.Lfunc_begin6                   @ DW_AT_low_pc
	.long	.Lfunc_end6-.Lfunc_begin6       @ DW_AT_high_pc
	.byte	1                               @ DW_AT_frame_base
	.byte	93
                                        @ DW_AT_GNU_all_call_sites
	.long	.Linfo_string44                 @ DW_AT_name
	.byte	7                               @ DW_AT_decl_file
	.byte	115                             @ DW_AT_decl_line
                                        @ DW_AT_prototyped
	.long	877                             @ DW_AT_type
                                        @ DW_AT_external
	.byte	17                              @ Abbrev [17] 0x323:0x3f DW_TAG_subprogram
	.long	.Lfunc_begin7                   @ DW_AT_low_pc
	.long	.Lfunc_end7-.Lfunc_begin7       @ DW_AT_high_pc
	.byte	1                               @ DW_AT_frame_base
	.byte	93
                                        @ DW_AT_GNU_all_call_sites
	.long	.Linfo_string46                 @ DW_AT_name
	.byte	7                               @ DW_AT_decl_file
	.byte	124                             @ DW_AT_decl_line
                                        @ DW_AT_prototyped
                                        @ DW_AT_external
	.byte	15                              @ Abbrev [15] 0x334:0xf DW_TAG_formal_parameter
	.long	.Ldebug_loc8                    @ DW_AT_location
	.long	.Linfo_string47                 @ DW_AT_name
	.byte	7                               @ DW_AT_decl_file
	.byte	124                             @ DW_AT_decl_line
	.long	455                             @ DW_AT_type
	.byte	15                              @ Abbrev [15] 0x343:0xf DW_TAG_formal_parameter
	.long	.Ldebug_loc9                    @ DW_AT_location
	.long	.Linfo_string57                 @ DW_AT_name
	.byte	7                               @ DW_AT_decl_file
	.byte	124                             @ DW_AT_decl_line
	.long	866                             @ DW_AT_type
	.byte	16                              @ Abbrev [16] 0x352:0xf DW_TAG_variable
	.long	.Ldebug_loc10                   @ DW_AT_location
	.long	.Linfo_string56                 @ DW_AT_name
	.byte	7                               @ DW_AT_decl_file
	.byte	126                             @ DW_AT_decl_line
	.long	487                             @ DW_AT_type
	.byte	0                               @ End Of Children Mark
	.byte	2                               @ Abbrev [2] 0x362:0xb DW_TAG_typedef
	.long	412                             @ DW_AT_type
	.long	.Linfo_string42                 @ DW_AT_name
	.byte	1                               @ DW_AT_decl_file
	.byte	102                             @ DW_AT_decl_line
	.byte	2                               @ Abbrev [2] 0x36d:0xb DW_TAG_typedef
	.long	412                             @ DW_AT_type
	.long	.Linfo_string45                 @ DW_AT_name
	.byte	8                               @ DW_AT_decl_file
	.byte	53                              @ DW_AT_decl_line
	.byte	4                               @ Abbrev [4] 0x378:0x5 DW_TAG_pointer_type
	.long	893                             @ DW_AT_type
	.byte	2                               @ Abbrev [2] 0x37d:0xb DW_TAG_typedef
	.long	904                             @ DW_AT_type
	.long	.Linfo_string50                 @ DW_AT_name
	.byte	4                               @ DW_AT_decl_file
	.byte	86                              @ DW_AT_decl_line
	.byte	20                              @ Abbrev [20] 0x388:0x21 DW_TAG_union_type
	.long	.Linfo_string50                 @ DW_AT_name
	.byte	80                              @ DW_AT_byte_size
	.byte	4                               @ DW_AT_decl_file
	.byte	83                              @ DW_AT_decl_line
	.byte	21                              @ Abbrev [21] 0x390:0xc DW_TAG_member
	.long	.Linfo_string48                 @ DW_AT_name
	.long	401                             @ DW_AT_type
	.byte	4                               @ DW_AT_decl_file
	.byte	84                              @ DW_AT_decl_line
	.byte	0                               @ DW_AT_data_member_location
	.byte	21                              @ Abbrev [21] 0x39c:0xc DW_TAG_member
	.long	.Linfo_string49                 @ DW_AT_name
	.long	937                             @ DW_AT_type
	.byte	4                               @ DW_AT_decl_file
	.byte	85                              @ DW_AT_decl_line
	.byte	0                               @ DW_AT_data_member_location
	.byte	0                               @ End Of Children Mark
	.byte	9                               @ Abbrev [9] 0x3a9:0xc DW_TAG_array_type
	.long	38                              @ DW_AT_type
	.byte	10                              @ Abbrev [10] 0x3ae:0x6 DW_TAG_subrange_type
	.long	244                             @ DW_AT_type
	.byte	80                              @ DW_AT_count
	.byte	0                               @ End Of Children Mark
	.byte	4                               @ Abbrev [4] 0x3b5:0x5 DW_TAG_pointer_type
	.long	954                             @ DW_AT_type
	.byte	2                               @ Abbrev [2] 0x3ba:0xb DW_TAG_typedef
	.long	965                             @ DW_AT_type
	.long	.Linfo_string53                 @ DW_AT_name
	.byte	4                               @ DW_AT_decl_file
	.byte	118                             @ DW_AT_decl_line
	.byte	22                              @ Abbrev [22] 0x3c5:0x11 DW_TAG_structure_type
	.byte	4                               @ DW_AT_byte_size
	.byte	4                               @ DW_AT_decl_file
	.byte	116                             @ DW_AT_decl_line
	.byte	21                              @ Abbrev [21] 0x3c9:0xc DW_TAG_member
	.long	.Linfo_string52                 @ DW_AT_name
	.long	982                             @ DW_AT_type
	.byte	4                               @ DW_AT_decl_file
	.byte	117                             @ DW_AT_decl_line
	.byte	0                               @ DW_AT_data_member_location
	.byte	0                               @ End Of Children Mark
	.byte	4                               @ Abbrev [4] 0x3d6:0x5 DW_TAG_pointer_type
	.long	987                             @ DW_AT_type
	.byte	23                              @ Abbrev [23] 0x3db:0x1 DW_TAG_subroutine_type
                                        @ DW_AT_prototyped
	.byte	0                               @ End Of Children Mark
.Ldebug_info_end0:
	.section	.debug_ranges,"",%progbits
.Ldebug_ranges0:
	.long	.Lfunc_begin0
	.long	.Lfunc_end0
	.long	.Lfunc_begin1
	.long	.Lfunc_end1
	.long	.Lfunc_begin2
	.long	.Lfunc_end2
	.long	.Lfunc_begin3
	.long	.Lfunc_end3
	.long	.Lfunc_begin4
	.long	.Lfunc_end4
	.long	.Lfunc_begin5
	.long	.Lfunc_end5
	.long	.Lfunc_begin6
	.long	.Lfunc_end6
	.long	.Lfunc_begin7
	.long	.Lfunc_end7
	.long	0
	.long	0
	.section	.debug_str,"MS",%progbits,1
.Linfo_string0:
	.asciz	"Component: Arm Compiler for Embedded 6.21 Tool: armclang [5ec1fd00]" @ string offset=0
.Linfo_string1:
	.asciz	"../../../../../../kernel/freertos/dpl\\MutexP_freertos.c" @ string offset=68
.Linfo_string2:
	.asciz	"D:\\TI_M0G3507\\mspm0_sdk_2_05_00_05\\kernel\\freertos\\builds\\LP_MSPM0G3507\\release\\keil" @ string offset=124
.Linfo_string3:
	.asciz	"unsigned char"                 @ string offset=209
.Linfo_string4:
	.asciz	"uint8_t"                       @ string offset=223
.Linfo_string5:
	.asciz	"pvDummy1"                      @ string offset=231
.Linfo_string6:
	.asciz	"__ARRAY_SIZE_TYPE__"           @ string offset=240
.Linfo_string7:
	.asciz	"u"                             @ string offset=260
.Linfo_string8:
	.asciz	"pvDummy2"                      @ string offset=262
.Linfo_string9:
	.asciz	"uxDummy2"                      @ string offset=271
.Linfo_string10:
	.asciz	"unsigned long"                 @ string offset=280
.Linfo_string11:
	.asciz	"UBaseType_t"                   @ string offset=294
.Linfo_string12:
	.asciz	"xDummy3"                       @ string offset=306
.Linfo_string13:
	.asciz	"pvDummy3"                      @ string offset=314
.Linfo_string14:
	.asciz	"xDummy4"                       @ string offset=323
.Linfo_string15:
	.asciz	"xDummy2"                       @ string offset=331
.Linfo_string16:
	.asciz	"unsigned int"                  @ string offset=339
.Linfo_string17:
	.asciz	"uint32_t"                      @ string offset=352
.Linfo_string18:
	.asciz	"TickType_t"                    @ string offset=361
.Linfo_string19:
	.asciz	"xSTATIC_MINI_LIST_ITEM"        @ string offset=372
.Linfo_string20:
	.asciz	"StaticMiniListItem_t"          @ string offset=395
.Linfo_string21:
	.asciz	"xSTATIC_LIST"                  @ string offset=416
.Linfo_string22:
	.asciz	"StaticList_t"                  @ string offset=429
.Linfo_string23:
	.asciz	"uxDummy4"                      @ string offset=442
.Linfo_string24:
	.asciz	"ucDummy5"                      @ string offset=451
.Linfo_string25:
	.asciz	"ucDummy6"                      @ string offset=460
.Linfo_string26:
	.asciz	"uxDummy8"                      @ string offset=469
.Linfo_string27:
	.asciz	"ucDummy9"                      @ string offset=478
.Linfo_string28:
	.asciz	"xSTATIC_QUEUE"                 @ string offset=487
.Linfo_string29:
	.asciz	"StaticQueue_t"                 @ string offset=501
.Linfo_string30:
	.asciz	"StaticSemaphore_t"             @ string offset=515
.Linfo_string31:
	.asciz	"MutexP_Handle"                 @ string offset=533
.Linfo_string32:
	.asciz	"QueueDefinition"               @ string offset=547
.Linfo_string33:
	.asciz	"QueueHandle_t"                 @ string offset=563
.Linfo_string34:
	.asciz	"SemaphoreHandle_t"             @ string offset=577
.Linfo_string35:
	.asciz	"long"                          @ string offset=595
.Linfo_string36:
	.asciz	"BaseType_t"                    @ string offset=600
.Linfo_string37:
	.asciz	"MutexP_construct"              @ string offset=611
.Linfo_string38:
	.asciz	"MutexP_create"                 @ string offset=628
.Linfo_string39:
	.asciz	"MutexP_delete"                 @ string offset=642
.Linfo_string40:
	.asciz	"MutexP_destruct"               @ string offset=656
.Linfo_string41:
	.asciz	"MutexP_lock"                   @ string offset=672
.Linfo_string42:
	.asciz	"uintptr_t"                     @ string offset=684
.Linfo_string43:
	.asciz	"MutexP_Params_init"            @ string offset=694
.Linfo_string44:
	.asciz	"MutexP_staticObjectSize"       @ string offset=713
.Linfo_string45:
	.asciz	"size_t"                        @ string offset=737
.Linfo_string46:
	.asciz	"MutexP_unlock"                 @ string offset=744
.Linfo_string47:
	.asciz	"handle"                        @ string offset=758
.Linfo_string48:
	.asciz	"dummy"                         @ string offset=765
.Linfo_string49:
	.asciz	"data"                          @ string offset=771
.Linfo_string50:
	.asciz	"MutexP_Struct"                 @ string offset=776
.Linfo_string51:
	.asciz	"params"                        @ string offset=790
.Linfo_string52:
	.asciz	"callback"                      @ string offset=797
.Linfo_string53:
	.asciz	"MutexP_Params"                 @ string offset=806
.Linfo_string54:
	.asciz	"sem"                           @ string offset=820
.Linfo_string55:
	.asciz	"mutP"                          @ string offset=824
.Linfo_string56:
	.asciz	"xMutex"                        @ string offset=829
.Linfo_string57:
	.asciz	"key"                           @ string offset=836
	.ident	"Component: Arm Compiler for Embedded 6.21 Tool: armclang [5ec1fd00]"
	.section	".note.GNU-stack","",%progbits
	.eabi_attribute	30, 1	@ Tag_ABI_optimization_goals
	.ARM_attribute	16, 1	@ Tag_AV_eba
	.section	.debug_line,"",%progbits
.Lline_table_start0:
